{"/Users/nicolasjustiniano/Workspace/Grillo-App/jest.js": {"path":"/Users/nicolasjustiniano/Workspace/Grillo-App/jest.js","statementMap":{"0":{"start":{"line":3,"column":0},"end":{"line":3,"column":23}}},"fnMap":{},"branchMap":{},"s":{"0":4},"f":{},"b":{},"_coverageSchema":"332fd63041d2c1bcb487cc26dd0d5f7d97098a6c","hash":"0248de2a6c8ff98e0fbcabaa0dd7a765ad59bd23"}
,"/Users/nicolasjustiniano/Workspace/Grillo-App/src/actions/habits.js": {"path":"/Users/nicolasjustiniano/Workspace/Grillo-App/src/actions/habits.js","statementMap":{"0":{"start":{"line":5,"column":14},"end":{"line":5,"column":29}},"1":{"start":{"line":7,"column":2},"end":{"line":10,"column":4}},"2":{"start":{"line":14,"column":21},"end":{"line":14,"column":26}},"3":{"start":{"line":15,"column":2},"end":{"line":15,"column":40}},"4":{"start":{"line":16,"column":2},"end":{"line":16,"column":43}},"5":{"start":{"line":18,"column":2},"end":{"line":21,"column":3}},"6":{"start":{"line":26,"column":2},"end":{"line":28,"column":3}}},"fnMap":{"0":{"name":"addHabit","decl":{"start":{"line":4,"column":16},"end":{"line":4,"column":24}},"loc":{"start":{"line":4,"column":31},"end":{"line":11,"column":1}},"line":4},"1":{"name":"stopHabit","decl":{"start":{"line":13,"column":16},"end":{"line":13,"column":25}},"loc":{"start":{"line":13,"column":33},"end":{"line":22,"column":1}},"line":13},"2":{"name":"cleanHabits","decl":{"start":{"line":24,"column":16},"end":{"line":24,"column":27}},"loc":{"start":{"line":24,"column":30},"end":{"line":29,"column":1}},"line":24}},"branchMap":{},"s":{"0":3,"1":3,"2":0,"3":0,"4":0,"5":0,"6":0},"f":{"0":3,"1":0,"2":0},"b":{},"_coverageSchema":"332fd63041d2c1bcb487cc26dd0d5f7d97098a6c","hash":"d61856c95da2ea344bbd21c37b60e66540089e8b"}
,"/Users/nicolasjustiniano/Workspace/Grillo-App/src/actions/notifications.js": {"path":"/Users/nicolasjustiniano/Workspace/Grillo-App/src/actions/notifications.js","statementMap":{"0":{"start":{"line":2,"column":2},"end":{"line":5,"column":3}}},"fnMap":{"0":{"name":"addNotification","decl":{"start":{"line":1,"column":16},"end":{"line":1,"column":31}},"loc":{"start":{"line":1,"column":37},"end":{"line":6,"column":1}},"line":1}},"branchMap":{},"s":{"0":2},"f":{"0":2},"b":{},"_coverageSchema":"332fd63041d2c1bcb487cc26dd0d5f7d97098a6c","hash":"517a5e1f6344d95939cbf76e1e2958a6bc0991c0"}
,"/Users/nicolasjustiniano/Workspace/Grillo-App/src/constants/habit.js": {"path":"/Users/nicolasjustiniano/Workspace/Grillo-App/src/constants/habit.js","statementMap":{"0":{"start":{"line":3,"column":22},"end":{"line":7,"column":1}},"1":{"start":{"line":11,"column":4},"end":{"line":11,"column":24}},"2":{"start":{"line":12,"column":4},"end":{"line":12,"column":21}},"3":{"start":{"line":13,"column":4},"end":{"line":13,"column":39}},"4":{"start":{"line":14,"column":4},"end":{"line":14,"column":24}},"5":{"start":{"line":15,"column":4},"end":{"line":15,"column":32}},"6":{"start":{"line":21,"column":4},"end":{"line":23,"column":20}},"7":{"start":{"line":25,"column":2},"end":{"line":26,"column":36}}},"fnMap":{"0":{"name":"(anonymous_0)","decl":{"start":{"line":10,"column":2},"end":{"line":10,"column":3}},"loc":{"start":{"line":10,"column":20},"end":{"line":16,"column":3}},"line":10},"1":{"name":"guid","decl":{"start":{"line":19,"column":9},"end":{"line":19,"column":13}},"loc":{"start":{"line":19,"column":16},"end":{"line":27,"column":1}},"line":19},"2":{"name":"s4","decl":{"start":{"line":20,"column":11},"end":{"line":20,"column":13}},"loc":{"start":{"line":20,"column":16},"end":{"line":24,"column":3}},"line":20}},"branchMap":{},"s":{"0":1,"1":3,"2":3,"3":3,"4":3,"5":3,"6":24,"7":3},"f":{"0":3,"1":3,"2":24},"b":{},"_coverageSchema":"332fd63041d2c1bcb487cc26dd0d5f7d97098a6c","hash":"fd52f0ef0039854d8a74b9a5db28282f5bc8e0f5"}
,"/Users/nicolasjustiniano/Workspace/Grillo-App/src/containers/NotificationCenter.js": {"path":"/Users/nicolasjustiniano/Workspace/Grillo-App/src/containers/NotificationCenter.js","statementMap":{"0":{"start":{"line":18,"column":4},"end":{"line":18,"column":17}},"1":{"start":{"line":19,"column":4},"end":{"line":21,"column":5}},"2":{"start":{"line":25,"column":20},"end":{"line":25,"column":30}},"3":{"start":{"line":26,"column":30},"end":{"line":26,"column":40}},"4":{"start":{"line":29,"column":4},"end":{"line":29,"column":41}},"5":{"start":{"line":10,"column":12},"end":{"line":12,"column":3}},"6":{"start":{"line":13,"column":14},"end":{"line":13,"column":63}}},"fnMap":{"0":{"name":"(anonymous_0)","decl":{"start":{"line":17,"column":2},"end":{"line":17,"column":3}},"loc":{"start":{"line":17,"column":21},"end":{"line":22,"column":3}},"line":17},"1":{"name":"(anonymous_1)","decl":{"start":{"line":24,"column":2},"end":{"line":24,"column":3}},"loc":{"start":{"line":24,"column":11},"end":{"line":30,"column":3}},"line":24},"2":{"name":"(anonymous_2)","decl":{"start":{"line":10,"column":2},"end":{"line":10,"column":3}},"loc":{"start":{"line":10,"column":12},"end":{"line":12,"column":3}},"line":10},"3":{"name":"(anonymous_3)","decl":{"start":{"line":13,"column":2},"end":{"line":13,"column":3}},"loc":{"start":{"line":13,"column":14},"end":{"line":13,"column":63}},"line":13}},"branchMap":{},"s":{"0":1,"1":1,"2":1,"3":1,"4":1,"5":1,"6":1},"f":{"0":1,"1":1,"2":1,"3":1},"b":{},"_coverageSchema":"332fd63041d2c1bcb487cc26dd0d5f7d97098a6c","hash":"7fa920fa9c09e525df250a28e9b48c1bc4640c9e"}
,"/Users/nicolasjustiniano/Workspace/Grillo-App/src/helpers/arrayMethods.js": {"path":"/Users/nicolasjustiniano/Workspace/Grillo-App/src/helpers/arrayMethods.js","statementMap":{"0":{"start":{"line":7,"column":17},"end":{"line":7,"column":30}},"1":{"start":{"line":8,"column":2},"end":{"line":8,"column":50}},"2":{"start":{"line":9,"column":2},"end":{"line":9,"column":18}},"3":{"start":{"line":13,"column":2},"end":{"line":24,"column":5}},"4":{"start":{"line":14,"column":6},"end":{"line":17,"column":7}},"5":{"start":{"line":16,"column":10},"end":{"line":16,"column":22}},"6":{"start":{"line":20,"column":6},"end":{"line":23,"column":8}}},"fnMap":{"0":{"name":"insertItem","decl":{"start":{"line":6,"column":16},"end":{"line":6,"column":26}},"loc":{"start":{"line":6,"column":43},"end":{"line":10,"column":1}},"line":6},"1":{"name":"updateObjectInArray","decl":{"start":{"line":12,"column":16},"end":{"line":12,"column":35}},"loc":{"start":{"line":12,"column":51},"end":{"line":25,"column":1}},"line":12},"2":{"name":"(anonymous_2)","decl":{"start":{"line":13,"column":20},"end":{"line":13,"column":21}},"loc":{"start":{"line":13,"column":37},"end":{"line":24,"column":3}},"line":13}},"branchMap":{"0":{"loc":{"start":{"line":14,"column":6},"end":{"line":17,"column":7}},"type":"if","locations":[{"start":{"line":14,"column":6},"end":{"line":17,"column":7}},{"start":{"line":14,"column":6},"end":{"line":17,"column":7}}],"line":14}},"s":{"0":3,"1":3,"2":3,"3":0,"4":0,"5":0,"6":0},"f":{"0":3,"1":0,"2":0},"b":{"0":[0,0]},"_coverageSchema":"332fd63041d2c1bcb487cc26dd0d5f7d97098a6c","hash":"20e3d16080993503831ccf3c1a2e02a80459d8e3"}
,"/Users/nicolasjustiniano/Workspace/Grillo-App/src/reducers/notifications.js": {"path":"/Users/nicolasjustiniano/Workspace/Grillo-App/src/reducers/notifications.js","statementMap":{"0":{"start":{"line":5,"column":28},"end":{"line":7,"column":2}},"1":{"start":{"line":12,"column":20},"end":{"line":12,"column":46}},"2":{"start":{"line":13,"column":2},"end":{"line":19,"column":3}},"3":{"start":{"line":15,"column":23},"end":{"line":15,"column":52}},"4":{"start":{"line":16,"column":6},"end":{"line":16,"column":50}},"5":{"start":{"line":18,"column":6},"end":{"line":18,"column":18}}},"fnMap":{"0":{"name":"(anonymous_0)","decl":{"start":{"line":11,"column":15},"end":{"line":11,"column":16}},"loc":{"start":{"line":11,"column":49},"end":{"line":20,"column":1}},"line":11}},"branchMap":{"0":{"loc":{"start":{"line":11,"column":16},"end":{"line":11,"column":36}},"type":"default-arg","locations":[{"start":{"line":11,"column":24},"end":{"line":11,"column":36}}],"line":11},"1":{"loc":{"start":{"line":13,"column":2},"end":{"line":19,"column":3}},"type":"switch","locations":[{"start":{"line":14,"column":4},"end":{"line":16,"column":50}},{"start":{"line":17,"column":4},"end":{"line":18,"column":18}}],"line":13}},"s":{"0":1,"1":4,"2":4,"3":3,"4":3,"5":1},"f":{"0":4},"b":{"0":[0],"1":[3,1]},"_coverageSchema":"332fd63041d2c1bcb487cc26dd0d5f7d97098a6c","hash":"41aacefe166d83cd84cf9f002f71212602e56f8b"}
}
