{"/Users/nicolasjustiniano/Workspace/thoughtworks/Grillo-App/src/configureStore.js": {"path":"/Users/nicolasjustiniano/Workspace/thoughtworks/Grillo-App/src/configureStore.js","statementMap":{"0":{"start":{"line":1,"column":0},"end":{"line":1,"column":57}},"1":{"start":{"line":1,"column":70},"end":{"line":1,"column":280}},"2":{"start":{"line":1,"column":102},"end":{"line":1,"column":265}},"3":{"start":{"line":1,"column":149},"end":{"line":1,"column":161}},"4":{"start":{"line":1,"column":162},"end":{"line":1,"column":264}},"5":{"start":{"line":1,"column":185},"end":{"line":1,"column":263}},"6":{"start":{"line":1,"column":238},"end":{"line":1,"column":262}},"7":{"start":{"line":1,"column":265},"end":{"line":1,"column":279}},"8":{"start":{"line":1,"column":281},"end":{"line":31,"column":15}},"9":{"start":{"line":31,"column":32},"end":{"line":31,"column":55}},"10":{"start":{"line":31,"column":67},"end":{"line":31,"column":83}},"11":{"start":{"line":31,"column":100},"end":{"line":31,"column":122}},"12":{"start":{"line":31,"column":140},"end":{"line":31,"column":175}},"13":{"start":{"line":31,"column":194},"end":{"line":31,"column":218}},"14":{"start":{"line":31,"column":234},"end":{"line":31,"column":254}},"15":{"start":{"line":31,"column":269},"end":{"line":31,"column":290}},"16":{"start":{"line":31,"column":306},"end":{"line":31,"column":339}},"17":{"start":{"line":31,"column":352},"end":{"line":31,"column":379}},"18":{"start":{"line":31,"column":399},"end":{"line":31,"column":431}},"19":{"start":{"line":31,"column":470},"end":{"line":31,"column":665}},"20":{"start":{"line":31,"column":494},"end":{"line":31,"column":505}},"21":{"start":{"line":31,"column":522},"end":{"line":31,"column":524}},"22":{"start":{"line":31,"column":525},"end":{"line":31,"column":631}},"23":{"start":{"line":31,"column":539},"end":{"line":31,"column":630}},"24":{"start":{"line":31,"column":559},"end":{"line":31,"column":629}},"25":{"start":{"line":31,"column":608},"end":{"line":31,"column":629}},"26":{"start":{"line":31,"column":631},"end":{"line":31,"column":650}},"27":{"start":{"line":31,"column":650},"end":{"line":31,"column":664}},"28":{"start":{"line":31,"column":703},"end":{"line":31,"column":748}},"29":{"start":{"line":31,"column":770},"end":{"line":31,"column":784}},"30":{"start":{"line":31,"column":785},"end":{"line":31,"column":1027}},"31":{"start":{"line":31,"column":797},"end":{"line":31,"column":1026}},"32":{"start":{"line":31,"column":1040},"end":{"line":31,"column":1140}},"33":{"start":{"line":33,"column":10},"end":{"line":33,"column":74}},"34":{"start":{"line":35,"column":14},"end":{"line":40,"column":2}},"35":{"start":{"line":39,"column":0},"end":{"line":39,"column":24}},"36":{"start":{"line":42,"column":0},"end":{"line":46,"column":1}},"37":{"start":{"line":43,"column":0},"end":{"line":45,"column":3}},"38":{"start":{"line":44,"column":0},"end":{"line":44,"column":52}},"39":{"start":{"line":48,"column":0},"end":{"line":48,"column":13}}},"fnMap":{"0":{"name":"(anonymous_0)","decl":{"start":{"line":1,"column":85},"end":{"line":1,"column":86}},"loc":{"start":{"line":1,"column":101},"end":{"line":1,"column":280}},"line":1},"1":{"name":"_interopRequireWildcard","decl":{"start":{"line":31,"column":441},"end":{"line":31,"column":464}},"loc":{"start":{"line":31,"column":469},"end":{"line":31,"column":666}},"line":31},"2":{"name":"_interopRequireDefault","decl":{"start":{"line":31,"column":675},"end":{"line":31,"column":697}},"loc":{"start":{"line":31,"column":702},"end":{"line":31,"column":749}},"line":31},"3":{"name":"configureStore","decl":{"start":{"line":31,"column":1150},"end":{"line":31,"column":1164}},"loc":{"start":{"line":31,"column":1178},"end":{"line":49,"column":1}},"line":31},"4":{"name":"(anonymous_4)","decl":{"start":{"line":38,"column":0},"end":{"line":38,"column":1}},"loc":{"start":{"line":38,"column":10},"end":{"line":40,"column":1}},"line":38},"5":{"name":"(anonymous_5)","decl":{"start":{"line":43,"column":18},"end":{"line":43,"column":19}},"loc":{"start":{"line":43,"column":28},"end":{"line":45,"column":1}},"line":43}},"branchMap":{"0":{"loc":{"start":{"line":1,"column":70},"end":{"line":1,"column":280}},"type":"binary-expr","locations":[{"start":{"line":1,"column":70},"end":{"line":1,"column":83}},{"start":{"line":1,"column":85},"end":{"line":1,"column":280}}],"line":1},"1":{"loc":{"start":{"line":1,"column":185},"end":{"line":1,"column":263}},"type":"if","locations":[{"start":{"line":1,"column":185},"end":{"line":1,"column":263}},{"start":{"line":1,"column":185},"end":{"line":1,"column":263}}],"line":1},"2":{"loc":{"start":{"line":31,"column":470},"end":{"line":31,"column":665}},"type":"if","locations":[{"start":{"line":31,"column":470},"end":{"line":31,"column":665}},{"start":{"line":31,"column":470},"end":{"line":31,"column":665}}],"line":31},"3":{"loc":{"start":{"line":31,"column":473},"end":{"line":31,"column":492}},"type":"binary-expr","locations":[{"start":{"line":31,"column":473},"end":{"line":31,"column":476}},{"start":{"line":31,"column":478},"end":{"line":31,"column":492}}],"line":31},"4":{"loc":{"start":{"line":31,"column":525},"end":{"line":31,"column":631}},"type":"if","locations":[{"start":{"line":31,"column":525},"end":{"line":31,"column":631}},{"start":{"line":31,"column":525},"end":{"line":31,"column":631}}],"line":31},"5":{"loc":{"start":{"line":31,"column":559},"end":{"line":31,"column":629}},"type":"if","locations":[{"start":{"line":31,"column":559},"end":{"line":31,"column":629}},{"start":{"line":31,"column":559},"end":{"line":31,"column":629}}],"line":31},"6":{"loc":{"start":{"line":31,"column":710},"end":{"line":31,"column":747}},"type":"cond-expr","locations":[{"start":{"line":31,"column":730},"end":{"line":31,"column":733}},{"start":{"line":31,"column":734},"end":{"line":31,"column":747}}],"line":31},"7":{"loc":{"start":{"line":31,"column":710},"end":{"line":31,"column":729}},"type":"binary-expr","locations":[{"start":{"line":31,"column":710},"end":{"line":31,"column":713}},{"start":{"line":31,"column":715},"end":{"line":31,"column":729}}],"line":31},"8":{"loc":{"start":{"line":31,"column":785},"end":{"line":31,"column":1027}},"type":"if","locations":[{"start":{"line":31,"column":785},"end":{"line":31,"column":1027}},{"start":{"line":31,"column":785},"end":{"line":31,"column":1027}}],"line":31},"9":{"loc":{"start":{"line":31,"column":815},"end":{"line":31,"column":912}},"type":"binary-expr","locations":[{"start":{"line":31,"column":815},"end":{"line":31,"column":858}},{"start":{"line":31,"column":860},"end":{"line":31,"column":912}}],"line":31},"10":{"loc":{"start":{"line":42,"column":0},"end":{"line":46,"column":1}},"type":"if","locations":[{"start":{"line":42,"column":0},"end":{"line":46,"column":1}},{"start":{"line":42,"column":0},"end":{"line":46,"column":1}}],"line":42}},"s":{"0":0,"1":0,"2":0,"3":0,"4":0,"5":0,"6":0,"7":0,"8":0,"9":0,"10":0,"11":0,"12":0,"13":0,"14":0,"15":0,"16":0,"17":0,"18":0,"19":0,"20":0,"21":0,"22":0,"23":0,"24":0,"25":0,"26":0,"27":0,"28":0,"29":0,"30":0,"31":0,"32":0,"33":0,"34":0,"35":0,"36":0,"37":0,"38":0,"39":0},"f":{"0":0,"1":0,"2":0,"3":0,"4":0,"5":0},"b":{"0":[0,0],"1":[0,0],"2":[0,0],"3":[0,0],"4":[0,0],"5":[0,0],"6":[0,0],"7":[0,0],"8":[0,0],"9":[0,0],"10":[0,0]}}
,"/Users/nicolasjustiniano/Workspace/thoughtworks/Grillo-App/src/index.js": {"path":"/Users/nicolasjustiniano/Workspace/thoughtworks/Grillo-App/src/index.js","statementMap":{"0":{"start":{"line":1,"column":0},"end":{"line":1,"column":57}},"1":{"start":{"line":1,"column":68},"end":{"line":1,"column":84}},"2":{"start":{"line":1,"column":97},"end":{"line":1,"column":127}},"3":{"start":{"line":2,"column":16},"end":{"line":2,"column":38}},"4":{"start":{"line":3,"column":9},"end":{"line":3,"column":36}},"5":{"start":{"line":3,"column":47},"end":{"line":3,"column":75}},"6":{"start":{"line":4,"column":20},"end":{"line":4,"column":47}},"7":{"start":{"line":4,"column":69},"end":{"line":4,"column":108}},"8":{"start":{"line":4,"column":146},"end":{"line":4,"column":191}},"9":{"start":{"line":6,"column":10},"end":{"line":6,"column":40}},"10":{"start":{"line":6,"column":41},"end":{"line":10,"column":54}},"11":{"start":{"line":8,"column":11},"end":{"line":10,"column":52}}},"fnMap":{"0":{"name":"_interopRequireDefault","decl":{"start":{"line":4,"column":118},"end":{"line":4,"column":140}},"loc":{"start":{"line":4,"column":145},"end":{"line":4,"column":192}},"line":4},"1":{"name":"(anonymous_1)","decl":{"start":{"line":8,"column":0},"end":{"line":8,"column":1}},"loc":{"start":{"line":8,"column":10},"end":{"line":10,"column":53}},"line":8}},"branchMap":{"0":{"loc":{"start":{"line":4,"column":153},"end":{"line":4,"column":190}},"type":"cond-expr","locations":[{"start":{"line":4,"column":173},"end":{"line":4,"column":176}},{"start":{"line":4,"column":177},"end":{"line":4,"column":190}}],"line":4},"1":{"loc":{"start":{"line":4,"column":153},"end":{"line":4,"column":172}},"type":"binary-expr","locations":[{"start":{"line":4,"column":153},"end":{"line":4,"column":156}},{"start":{"line":4,"column":158},"end":{"line":4,"column":172}}],"line":4}},"s":{"0":0,"1":0,"2":0,"3":0,"4":0,"5":0,"6":0,"7":0,"8":0,"9":0,"10":0,"11":0},"f":{"0":0,"1":0},"b":{"0":[0,0],"1":[0,0]}}
,"/Users/nicolasjustiniano/Workspace/thoughtworks/Grillo-App/src/navigator.js": {"path":"/Users/nicolasjustiniano/Workspace/thoughtworks/Grillo-App/src/navigator.js","statementMap":{"0":{"start":{"line":1,"column":0},"end":{"line":1,"column":57}},"1":{"start":{"line":1,"column":78},"end":{"line":1,"column":105}},"2":{"start":{"line":2,"column":11},"end":{"line":2,"column":27}},"3":{"start":{"line":2,"column":40},"end":{"line":2,"column":70}},"4":{"start":{"line":3,"column":15},"end":{"line":3,"column":48}},"5":{"start":{"line":3,"column":65},"end":{"line":3,"column":99}},"6":{"start":{"line":4,"column":10},"end":{"line":4,"column":38}},"7":{"start":{"line":4,"column":50},"end":{"line":4,"column":79}},"8":{"start":{"line":5,"column":14},"end":{"line":5,"column":46}},"9":{"start":{"line":5,"column":62},"end":{"line":5,"column":95}},"10":{"start":{"line":5,"column":133},"end":{"line":5,"column":178}},"11":{"start":{"line":7,"column":17},"end":{"line":15,"column":65}},"12":{"start":{"line":15,"column":66},"end":{"line":20,"column":13}}},"fnMap":{"0":{"name":"_interopRequireDefault","decl":{"start":{"line":5,"column":105},"end":{"line":5,"column":127}},"loc":{"start":{"line":5,"column":132},"end":{"line":5,"column":179}},"line":5}},"branchMap":{"0":{"loc":{"start":{"line":5,"column":140},"end":{"line":5,"column":177}},"type":"cond-expr","locations":[{"start":{"line":5,"column":160},"end":{"line":5,"column":163}},{"start":{"line":5,"column":164},"end":{"line":5,"column":177}}],"line":5},"1":{"loc":{"start":{"line":5,"column":140},"end":{"line":5,"column":159}},"type":"binary-expr","locations":[{"start":{"line":5,"column":140},"end":{"line":5,"column":143}},{"start":{"line":5,"column":145},"end":{"line":5,"column":159}}],"line":5}},"s":{"0":0,"1":0,"2":0,"3":0,"4":0,"5":0,"6":0,"7":0,"8":0,"9":0,"10":0,"11":0,"12":0},"f":{"0":0},"b":{"0":[0,0],"1":[0,0]}}
,"/Users/nicolasjustiniano/Workspace/thoughtworks/Grillo-App/src/actions/habits.js": {"path":"/Users/nicolasjustiniano/Workspace/thoughtworks/Grillo-App/src/actions/habits.js","statementMap":{"0":{"start":{"line":5,"column":14},"end":{"line":5,"column":29}},"1":{"start":{"line":7,"column":2},"end":{"line":10,"column":4}},"2":{"start":{"line":14,"column":21},"end":{"line":14,"column":26}},"3":{"start":{"line":15,"column":2},"end":{"line":15,"column":40}},"4":{"start":{"line":16,"column":2},"end":{"line":16,"column":43}},"5":{"start":{"line":18,"column":2},"end":{"line":21,"column":3}},"6":{"start":{"line":26,"column":2},"end":{"line":28,"column":3}}},"fnMap":{"0":{"name":"addHabit","decl":{"start":{"line":4,"column":16},"end":{"line":4,"column":24}},"loc":{"start":{"line":4,"column":31},"end":{"line":11,"column":1}},"line":4},"1":{"name":"stopHabit","decl":{"start":{"line":13,"column":16},"end":{"line":13,"column":25}},"loc":{"start":{"line":13,"column":33},"end":{"line":22,"column":1}},"line":13},"2":{"name":"cleanHabits","decl":{"start":{"line":24,"column":16},"end":{"line":24,"column":27}},"loc":{"start":{"line":24,"column":30},"end":{"line":29,"column":1}},"line":24}},"branchMap":{},"s":{"0":4,"1":4,"2":0,"3":0,"4":0,"5":0,"6":0},"f":{"0":4,"1":0,"2":0},"b":{},"_coverageSchema":"332fd63041d2c1bcb487cc26dd0d5f7d97098a6c","hash":"fcedda26b4fb574635e97ae147a3702f7b5a08ba"}
,"/Users/nicolasjustiniano/Workspace/thoughtworks/Grillo-App/src/actions/notifications.js": {"path":"/Users/nicolasjustiniano/Workspace/thoughtworks/Grillo-App/src/actions/notifications.js","statementMap":{"0":{"start":{"line":2,"column":2},"end":{"line":2,"column":27}},"1":{"start":{"line":3,"column":2},"end":{"line":6,"column":3}}},"fnMap":{"0":{"name":"addNotification","decl":{"start":{"line":1,"column":16},"end":{"line":1,"column":31}},"loc":{"start":{"line":1,"column":37},"end":{"line":7,"column":1}},"line":1}},"branchMap":{},"s":{"0":3,"1":3},"f":{"0":3},"b":{},"_coverageSchema":"332fd63041d2c1bcb487cc26dd0d5f7d97098a6c","hash":"a7bee4d6394575af4e289224294165d291efb8ca"}
,"/Users/nicolasjustiniano/Workspace/thoughtworks/Grillo-App/src/components/Counter.js": {"path":"/Users/nicolasjustiniano/Workspace/thoughtworks/Grillo-App/src/components/Counter.js","statementMap":{"0":{"start":{"line":1,"column":0},"end":{"line":1,"column":57}},"1":{"start":{"line":1,"column":57},"end":{"line":1,"column":83}},"2":{"start":{"line":1,"column":100},"end":{"line":1,"column":592}},"3":{"start":{"line":1,"column":151},"end":{"line":1,"column":393}},"4":{"start":{"line":1,"column":198},"end":{"line":1,"column":206}},"5":{"start":{"line":1,"column":207},"end":{"line":1,"column":258}},"6":{"start":{"line":1,"column":258},"end":{"line":1,"column":287}},"7":{"start":{"line":1,"column":287},"end":{"line":1,"column":336}},"8":{"start":{"line":1,"column":311},"end":{"line":1,"column":336}},"9":{"start":{"line":1,"column":336},"end":{"line":1,"column":392}},"10":{"start":{"line":1,"column":394},"end":{"line":1,"column":589}},"11":{"start":{"line":1,"column":446},"end":{"line":1,"column":511}},"12":{"start":{"line":1,"column":460},"end":{"line":1,"column":511}},"13":{"start":{"line":1,"column":511},"end":{"line":1,"column":568}},"14":{"start":{"line":1,"column":526},"end":{"line":1,"column":568}},"15":{"start":{"line":1,"column":568},"end":{"line":1,"column":587}},"16":{"start":{"line":1,"column":621},"end":{"line":1,"column":637}},"17":{"start":{"line":1,"column":650},"end":{"line":1,"column":680}},"18":{"start":{"line":2,"column":15},"end":{"line":2,"column":36}},"19":{"start":{"line":2,"column":53},"end":{"line":2,"column":87}},"20":{"start":{"line":3,"column":25},"end":{"line":3,"column":57}},"21":{"start":{"line":4,"column":0},"end":{"line":4,"column":28}},"22":{"start":{"line":5,"column":12},"end":{"line":5,"column":29}},"23":{"start":{"line":5,"column":43},"end":{"line":5,"column":74}},"24":{"start":{"line":6,"column":12},"end":{"line":6,"column":41}},"25":{"start":{"line":6,"column":79},"end":{"line":6,"column":124}},"26":{"start":{"line":6,"column":172},"end":{"line":6,"column":269}},"27":{"start":{"line":6,"column":211},"end":{"line":6,"column":268}},"28":{"start":{"line":6,"column":317},"end":{"line":6,"column":414}},"29":{"start":{"line":6,"column":327},"end":{"line":6,"column":413}},"30":{"start":{"line":6,"column":414},"end":{"line":6,"column":488}},"31":{"start":{"line":6,"column":529},"end":{"line":6,"column":682}},"32":{"start":{"line":6,"column":583},"end":{"line":6,"column":681}},"33":{"start":{"line":6,"column":682},"end":{"line":6,"column":829}},"34":{"start":{"line":6,"column":829},"end":{"line":6,"column":938}},"35":{"start":{"line":6,"column":843},"end":{"line":6,"column":938}},"36":{"start":{"line":8,"column":9},"end":{"line":58,"column":112}},"37":{"start":{"line":8,"column":43},"end":{"line":8,"column":73}},"38":{"start":{"line":13,"column":24},"end":{"line":13,"column":54}},"39":{"start":{"line":13,"column":64},"end":{"line":14,"column":7}},"40":{"start":{"line":14,"column":8},"end":{"line":40,"column":2}},"41":{"start":{"line":29,"column":0},"end":{"line":39,"column":1}},"42":{"start":{"line":30,"column":6},"end":{"line":30,"column":37}},"43":{"start":{"line":31,"column":6},"end":{"line":31,"column":37}},"44":{"start":{"line":32,"column":9},"end":{"line":32,"column":35}},"45":{"start":{"line":33,"column":0},"end":{"line":33,"column":41}},"46":{"start":{"line":35,"column":7},"end":{"line":35,"column":38}},"47":{"start":{"line":36,"column":7},"end":{"line":36,"column":36}},"48":{"start":{"line":37,"column":10},"end":{"line":37,"column":38}},"49":{"start":{"line":38,"column":0},"end":{"line":38,"column":44}},"50":{"start":{"line":40,"column":2},"end":{"line":51,"column":2}},"51":{"start":{"line":43,"column":0},"end":{"line":49,"column":16}},"52":{"start":{"line":45,"column":0},"end":{"line":45,"column":31}},"53":{"start":{"line":47,"column":0},"end":{"line":47,"column":12}},"54":{"start":{"line":49,"column":0},"end":{"line":49,"column":15}},"55":{"start":{"line":51,"column":2},"end":{"line":51,"column":32}},"56":{"start":{"line":51,"column":32},"end":{"line":51,"column":45}},"57":{"start":{"line":51,"column":46},"end":{"line":58,"column":5}},"58":{"start":{"line":51,"column":139},"end":{"line":51,"column":143}},"59":{"start":{"line":51,"column":144},"end":{"line":51,"column":231}},"60":{"start":{"line":51,"column":181},"end":{"line":51,"column":223}},"61":{"start":{"line":51,"column":300},"end":{"line":51,"column":329}},"62":{"start":{"line":54,"column":0},"end":{"line":54,"column":10}},"63":{"start":{"line":54,"column":21},"end":{"line":54,"column":37}},"64":{"start":{"line":54,"column":46},"end":{"line":54,"column":60}},"65":{"start":{"line":54,"column":68},"end":{"line":54,"column":81}},"66":{"start":{"line":55,"column":0},"end":{"line":56,"column":159}},"67":{"start":{"line":58,"column":5},"end":{"line":58,"column":20}},"68":{"start":{"line":58,"column":114},"end":{"line":58,"column":138}}},"fnMap":{"0":{"name":"(anonymous_0)","decl":{"start":{"line":1,"column":100},"end":{"line":1,"column":101}},"loc":{"start":{"line":1,"column":110},"end":{"line":1,"column":590}},"line":1},"1":{"name":"defineProperties","decl":{"start":{"line":1,"column":120},"end":{"line":1,"column":136}},"loc":{"start":{"line":1,"column":150},"end":{"line":1,"column":394}},"line":1},"2":{"name":"(anonymous_2)","decl":{"start":{"line":1,"column":401},"end":{"line":1,"column":402}},"loc":{"start":{"line":1,"column":445},"end":{"line":1,"column":588}},"line":1},"3":{"name":"_interopRequireDefault","decl":{"start":{"line":6,"column":51},"end":{"line":6,"column":73}},"loc":{"start":{"line":6,"column":78},"end":{"line":6,"column":125}},"line":6},"4":{"name":"_classCallCheck","decl":{"start":{"line":6,"column":134},"end":{"line":6,"column":149}},"loc":{"start":{"line":6,"column":171},"end":{"line":6,"column":270}},"line":6},"5":{"name":"_possibleConstructorReturn","decl":{"start":{"line":6,"column":279},"end":{"line":6,"column":305}},"loc":{"start":{"line":6,"column":316},"end":{"line":6,"column":489}},"line":6},"6":{"name":"_inherits","decl":{"start":{"line":6,"column":498},"end":{"line":6,"column":507}},"loc":{"start":{"line":6,"column":528},"end":{"line":6,"column":939}},"line":6},"7":{"name":"(anonymous_7)","decl":{"start":{"line":8,"column":22},"end":{"line":8,"column":23}},"loc":{"start":{"line":8,"column":42},"end":{"line":58,"column":21}},"line":8},"8":{"name":"Counter","decl":{"start":{"line":13,"column":9},"end":{"line":13,"column":16}},"loc":{"start":{"line":13,"column":23},"end":{"line":51,"column":46}},"line":13},"9":{"name":"(anonymous_9)","decl":{"start":{"line":28,"column":10},"end":{"line":28,"column":11}},"loc":{"start":{"line":28,"column":37},"end":{"line":40,"column":1}},"line":28},"10":{"name":"(anonymous_10)","decl":{"start":{"line":42,"column":12},"end":{"line":42,"column":13}},"loc":{"start":{"line":42,"column":28},"end":{"line":51,"column":1}},"line":42},"11":{"name":"componentDidMount","decl":{"start":{"line":51,"column":108},"end":{"line":51,"column":125}},"loc":{"start":{"line":51,"column":127},"end":{"line":51,"column":232}},"line":51},"12":{"name":"(anonymous_12)","decl":{"start":{"line":51,"column":170},"end":{"line":51,"column":171}},"loc":{"start":{"line":51,"column":180},"end":{"line":51,"column":224}},"line":51},"13":{"name":"componentWillUnmount","decl":{"start":{"line":51,"column":277},"end":{"line":51,"column":297}},"loc":{"start":{"line":51,"column":299},"end":{"line":51,"column":330}},"line":51},"14":{"name":"render","decl":{"start":{"line":51,"column":361},"end":{"line":51,"column":367}},"loc":{"start":{"line":53,"column":0},"end":{"line":58,"column":1}},"line":53}},"branchMap":{"0":{"loc":{"start":{"line":1,"column":229},"end":{"line":1,"column":257}},"type":"binary-expr","locations":[{"start":{"line":1,"column":229},"end":{"line":1,"column":250}},{"start":{"line":1,"column":252},"end":{"line":1,"column":257}}],"line":1},"1":{"loc":{"start":{"line":1,"column":287},"end":{"line":1,"column":336}},"type":"if","locations":[{"start":{"line":1,"column":287},"end":{"line":1,"column":336}},{"start":{"line":1,"column":287},"end":{"line":1,"column":336}}],"line":1},"2":{"loc":{"start":{"line":1,"column":446},"end":{"line":1,"column":511}},"type":"if","locations":[{"start":{"line":1,"column":446},"end":{"line":1,"column":511}},{"start":{"line":1,"column":446},"end":{"line":1,"column":511}}],"line":1},"3":{"loc":{"start":{"line":1,"column":511},"end":{"line":1,"column":568}},"type":"if","locations":[{"start":{"line":1,"column":511},"end":{"line":1,"column":568}},{"start":{"line":1,"column":511},"end":{"line":1,"column":568}}],"line":1},"4":{"loc":{"start":{"line":6,"column":86},"end":{"line":6,"column":123}},"type":"cond-expr","locations":[{"start":{"line":6,"column":106},"end":{"line":6,"column":109}},{"start":{"line":6,"column":110},"end":{"line":6,"column":123}}],"line":6},"5":{"loc":{"start":{"line":6,"column":86},"end":{"line":6,"column":105}},"type":"binary-expr","locations":[{"start":{"line":6,"column":86},"end":{"line":6,"column":89}},{"start":{"line":6,"column":91},"end":{"line":6,"column":105}}],"line":6},"6":{"loc":{"start":{"line":6,"column":172},"end":{"line":6,"column":269}},"type":"if","locations":[{"start":{"line":6,"column":172},"end":{"line":6,"column":269}},{"start":{"line":6,"column":172},"end":{"line":6,"column":269}}],"line":6},"7":{"loc":{"start":{"line":6,"column":317},"end":{"line":6,"column":414}},"type":"if","locations":[{"start":{"line":6,"column":317},"end":{"line":6,"column":414}},{"start":{"line":6,"column":317},"end":{"line":6,"column":414}}],"line":6},"8":{"loc":{"start":{"line":6,"column":421},"end":{"line":6,"column":487}},"type":"cond-expr","locations":[{"start":{"line":6,"column":478},"end":{"line":6,"column":482}},{"start":{"line":6,"column":483},"end":{"line":6,"column":487}}],"line":6},"9":{"loc":{"start":{"line":6,"column":421},"end":{"line":6,"column":477}},"type":"binary-expr","locations":[{"start":{"line":6,"column":421},"end":{"line":6,"column":425}},{"start":{"line":6,"column":428},"end":{"line":6,"column":450}},{"start":{"line":6,"column":452},"end":{"line":6,"column":476}}],"line":6},"10":{"loc":{"start":{"line":6,"column":529},"end":{"line":6,"column":682}},"type":"if","locations":[{"start":{"line":6,"column":529},"end":{"line":6,"column":682}},{"start":{"line":6,"column":529},"end":{"line":6,"column":682}}],"line":6},"11":{"loc":{"start":{"line":6,"column":532},"end":{"line":6,"column":581}},"type":"binary-expr","locations":[{"start":{"line":6,"column":532},"end":{"line":6,"column":562}},{"start":{"line":6,"column":564},"end":{"line":6,"column":581}}],"line":6},"12":{"loc":{"start":{"line":6,"column":715},"end":{"line":6,"column":747}},"type":"binary-expr","locations":[{"start":{"line":6,"column":715},"end":{"line":6,"column":725}},{"start":{"line":6,"column":727},"end":{"line":6,"column":747}}],"line":6},"13":{"loc":{"start":{"line":6,"column":829},"end":{"line":6,"column":938}},"type":"if","locations":[{"start":{"line":6,"column":829},"end":{"line":6,"column":938}},{"start":{"line":6,"column":829},"end":{"line":6,"column":938}}],"line":6},"14":{"loc":{"start":{"line":6,"column":843},"end":{"line":6,"column":937}},"type":"cond-expr","locations":[{"start":{"line":6,"column":865},"end":{"line":6,"column":907}},{"start":{"line":6,"column":908},"end":{"line":6,"column":937}}],"line":6},"15":{"loc":{"start":{"line":13,"column":97},"end":{"line":13,"column":146}},"type":"binary-expr","locations":[{"start":{"line":13,"column":97},"end":{"line":13,"column":114}},{"start":{"line":13,"column":116},"end":{"line":13,"column":146}}],"line":13},"16":{"loc":{"start":{"line":29,"column":0},"end":{"line":39,"column":1}},"type":"if","locations":[{"start":{"line":29,"column":0},"end":{"line":39,"column":1}},{"start":{"line":29,"column":0},"end":{"line":39,"column":1}}],"line":29},"17":{"loc":{"start":{"line":33,"column":7},"end":{"line":33,"column":40}},"type":"cond-expr","locations":[{"start":{"line":33,"column":15},"end":{"line":33,"column":27}},{"start":{"line":33,"column":28},"end":{"line":33,"column":40}}],"line":33},"18":{"loc":{"start":{"line":38,"column":7},"end":{"line":38,"column":43}},"type":"cond-expr","locations":[{"start":{"line":38,"column":16},"end":{"line":38,"column":29}},{"start":{"line":38,"column":30},"end":{"line":38,"column":43}}],"line":38},"19":{"loc":{"start":{"line":43,"column":0},"end":{"line":49,"column":16}},"type":"switch","locations":[{"start":{"line":44,"column":0},"end":{"line":45,"column":31}},{"start":{"line":46,"column":0},"end":{"line":47,"column":12}},{"start":{"line":48,"column":0},"end":{"line":49,"column":15}}],"line":43}},"s":{"0":0,"1":0,"2":0,"3":0,"4":0,"5":0,"6":0,"7":0,"8":0,"9":0,"10":0,"11":0,"12":0,"13":0,"14":0,"15":0,"16":0,"17":0,"18":0,"19":0,"20":0,"21":0,"22":0,"23":0,"24":0,"25":0,"26":0,"27":0,"28":0,"29":0,"30":0,"31":0,"32":0,"33":0,"34":0,"35":0,"36":0,"37":0,"38":0,"39":0,"40":0,"41":0,"42":0,"43":0,"44":0,"45":0,"46":0,"47":0,"48":0,"49":0,"50":0,"51":0,"52":0,"53":0,"54":0,"55":0,"56":0,"57":0,"58":0,"59":0,"60":0,"61":0,"62":0,"63":0,"64":0,"65":0,"66":0,"67":0,"68":0},"f":{"0":0,"1":0,"2":0,"3":0,"4":0,"5":0,"6":0,"7":0,"8":0,"9":0,"10":0,"11":0,"12":0,"13":0,"14":0},"b":{"0":[0,0],"1":[0,0],"2":[0,0],"3":[0,0],"4":[0,0],"5":[0,0],"6":[0,0],"7":[0,0],"8":[0,0],"9":[0,0,0],"10":[0,0],"11":[0,0],"12":[0,0],"13":[0,0],"14":[0,0],"15":[0,0],"16":[0,0],"17":[0,0],"18":[0,0],"19":[0,0,0]}}
,"/Users/nicolasjustiniano/Workspace/thoughtworks/Grillo-App/src/components/HabitItem.js": {"path":"/Users/nicolasjustiniano/Workspace/thoughtworks/Grillo-App/src/components/HabitItem.js","statementMap":{"0":{"start":{"line":1,"column":0},"end":{"line":1,"column":57}},"1":{"start":{"line":1,"column":57},"end":{"line":1,"column":83}},"2":{"start":{"line":1,"column":100},"end":{"line":1,"column":592}},"3":{"start":{"line":1,"column":151},"end":{"line":1,"column":393}},"4":{"start":{"line":1,"column":198},"end":{"line":1,"column":206}},"5":{"start":{"line":1,"column":207},"end":{"line":1,"column":258}},"6":{"start":{"line":1,"column":258},"end":{"line":1,"column":287}},"7":{"start":{"line":1,"column":287},"end":{"line":1,"column":336}},"8":{"start":{"line":1,"column":311},"end":{"line":1,"column":336}},"9":{"start":{"line":1,"column":336},"end":{"line":1,"column":392}},"10":{"start":{"line":1,"column":394},"end":{"line":1,"column":589}},"11":{"start":{"line":1,"column":446},"end":{"line":1,"column":511}},"12":{"start":{"line":1,"column":460},"end":{"line":1,"column":511}},"13":{"start":{"line":1,"column":511},"end":{"line":1,"column":568}},"14":{"start":{"line":1,"column":526},"end":{"line":1,"column":568}},"15":{"start":{"line":1,"column":568},"end":{"line":1,"column":587}},"16":{"start":{"line":1,"column":621},"end":{"line":1,"column":637}},"17":{"start":{"line":1,"column":650},"end":{"line":1,"column":680}},"18":{"start":{"line":2,"column":15},"end":{"line":2,"column":36}},"19":{"start":{"line":2,"column":53},"end":{"line":2,"column":87}},"20":{"start":{"line":3,"column":25},"end":{"line":3,"column":57}},"21":{"start":{"line":4,"column":17},"end":{"line":4,"column":40}},"22":{"start":{"line":5,"column":13},"end":{"line":5,"column":47}},"23":{"start":{"line":5,"column":62},"end":{"line":5,"column":94}},"24":{"start":{"line":6,"column":12},"end":{"line":6,"column":41}},"25":{"start":{"line":6,"column":79},"end":{"line":6,"column":124}},"26":{"start":{"line":6,"column":172},"end":{"line":6,"column":269}},"27":{"start":{"line":6,"column":211},"end":{"line":6,"column":268}},"28":{"start":{"line":6,"column":317},"end":{"line":6,"column":414}},"29":{"start":{"line":6,"column":327},"end":{"line":6,"column":413}},"30":{"start":{"line":6,"column":414},"end":{"line":6,"column":488}},"31":{"start":{"line":6,"column":529},"end":{"line":6,"column":682}},"32":{"start":{"line":6,"column":583},"end":{"line":6,"column":681}},"33":{"start":{"line":6,"column":682},"end":{"line":6,"column":829}},"34":{"start":{"line":6,"column":829},"end":{"line":6,"column":938}},"35":{"start":{"line":6,"column":843},"end":{"line":6,"column":938}},"36":{"start":{"line":8,"column":11},"end":{"line":12,"column":32}},"37":{"start":{"line":16,"column":11},"end":{"line":56,"column":158}},"38":{"start":{"line":16,"column":45},"end":{"line":16,"column":77}},"39":{"start":{"line":22,"column":26},"end":{"line":22,"column":58}},"40":{"start":{"line":22,"column":68},"end":{"line":23,"column":7}},"41":{"start":{"line":23,"column":8},"end":{"line":35,"column":2}},"42":{"start":{"line":34,"column":0},"end":{"line":34,"column":25}},"43":{"start":{"line":35,"column":2},"end":{"line":45,"column":2}},"44":{"start":{"line":38,"column":0},"end":{"line":43,"column":63}},"45":{"start":{"line":43,"column":27},"end":{"line":43,"column":59}},"46":{"start":{"line":45,"column":18},"end":{"line":45,"column":35}},"47":{"start":{"line":45,"column":36},"end":{"line":45,"column":51}},"48":{"start":{"line":45,"column":51},"end":{"line":45,"column":113}},"49":{"start":{"line":45,"column":85},"end":{"line":45,"column":111}},"50":{"start":{"line":45,"column":113},"end":{"line":45,"column":126}},"51":{"start":{"line":45,"column":127},"end":{"line":56,"column":5}},"52":{"start":{"line":48,"column":0},"end":{"line":48,"column":10}},"53":{"start":{"line":48,"column":17},"end":{"line":48,"column":29}},"54":{"start":{"line":48,"column":36},"end":{"line":48,"column":48}},"55":{"start":{"line":49,"column":0},"end":{"line":53,"column":138}},"56":{"start":{"line":56,"column":5},"end":{"line":56,"column":22}},"57":{"start":{"line":56,"column":160},"end":{"line":56,"column":186}}},"fnMap":{"0":{"name":"(anonymous_0)","decl":{"start":{"line":1,"column":100},"end":{"line":1,"column":101}},"loc":{"start":{"line":1,"column":110},"end":{"line":1,"column":590}},"line":1},"1":{"name":"defineProperties","decl":{"start":{"line":1,"column":120},"end":{"line":1,"column":136}},"loc":{"start":{"line":1,"column":150},"end":{"line":1,"column":394}},"line":1},"2":{"name":"(anonymous_2)","decl":{"start":{"line":1,"column":401},"end":{"line":1,"column":402}},"loc":{"start":{"line":1,"column":445},"end":{"line":1,"column":588}},"line":1},"3":{"name":"_interopRequireDefault","decl":{"start":{"line":6,"column":51},"end":{"line":6,"column":73}},"loc":{"start":{"line":6,"column":78},"end":{"line":6,"column":125}},"line":6},"4":{"name":"_classCallCheck","decl":{"start":{"line":6,"column":134},"end":{"line":6,"column":149}},"loc":{"start":{"line":6,"column":171},"end":{"line":6,"column":270}},"line":6},"5":{"name":"_possibleConstructorReturn","decl":{"start":{"line":6,"column":279},"end":{"line":6,"column":305}},"loc":{"start":{"line":6,"column":316},"end":{"line":6,"column":489}},"line":6},"6":{"name":"_inherits","decl":{"start":{"line":6,"column":498},"end":{"line":6,"column":507}},"loc":{"start":{"line":6,"column":528},"end":{"line":6,"column":939}},"line":6},"7":{"name":"(anonymous_7)","decl":{"start":{"line":16,"column":24},"end":{"line":16,"column":25}},"loc":{"start":{"line":16,"column":44},"end":{"line":56,"column":23}},"line":16},"8":{"name":"HabitItem","decl":{"start":{"line":22,"column":9},"end":{"line":22,"column":18}},"loc":{"start":{"line":22,"column":25},"end":{"line":45,"column":127}},"line":22},"9":{"name":"(anonymous_9)","decl":{"start":{"line":33,"column":12},"end":{"line":33,"column":13}},"loc":{"start":{"line":33,"column":27},"end":{"line":35,"column":1}},"line":33},"10":{"name":"(anonymous_10)","decl":{"start":{"line":37,"column":11},"end":{"line":37,"column":12}},"loc":{"start":{"line":37,"column":26},"end":{"line":45,"column":1}},"line":37},"11":{"name":"onPress","decl":{"start":{"line":43,"column":17},"end":{"line":43,"column":24}},"loc":{"start":{"line":43,"column":26},"end":{"line":43,"column":60}},"line":43},"12":{"name":"(anonymous_12)","decl":{"start":{"line":45,"column":69},"end":{"line":45,"column":70}},"loc":{"start":{"line":45,"column":84},"end":{"line":45,"column":112}},"line":45},"13":{"name":"render","decl":{"start":{"line":45,"column":180},"end":{"line":45,"column":186}},"loc":{"start":{"line":47,"column":0},"end":{"line":56,"column":1}},"line":47}},"branchMap":{"0":{"loc":{"start":{"line":1,"column":229},"end":{"line":1,"column":257}},"type":"binary-expr","locations":[{"start":{"line":1,"column":229},"end":{"line":1,"column":250}},{"start":{"line":1,"column":252},"end":{"line":1,"column":257}}],"line":1},"1":{"loc":{"start":{"line":1,"column":287},"end":{"line":1,"column":336}},"type":"if","locations":[{"start":{"line":1,"column":287},"end":{"line":1,"column":336}},{"start":{"line":1,"column":287},"end":{"line":1,"column":336}}],"line":1},"2":{"loc":{"start":{"line":1,"column":446},"end":{"line":1,"column":511}},"type":"if","locations":[{"start":{"line":1,"column":446},"end":{"line":1,"column":511}},{"start":{"line":1,"column":446},"end":{"line":1,"column":511}}],"line":1},"3":{"loc":{"start":{"line":1,"column":511},"end":{"line":1,"column":568}},"type":"if","locations":[{"start":{"line":1,"column":511},"end":{"line":1,"column":568}},{"start":{"line":1,"column":511},"end":{"line":1,"column":568}}],"line":1},"4":{"loc":{"start":{"line":6,"column":86},"end":{"line":6,"column":123}},"type":"cond-expr","locations":[{"start":{"line":6,"column":106},"end":{"line":6,"column":109}},{"start":{"line":6,"column":110},"end":{"line":6,"column":123}}],"line":6},"5":{"loc":{"start":{"line":6,"column":86},"end":{"line":6,"column":105}},"type":"binary-expr","locations":[{"start":{"line":6,"column":86},"end":{"line":6,"column":89}},{"start":{"line":6,"column":91},"end":{"line":6,"column":105}}],"line":6},"6":{"loc":{"start":{"line":6,"column":172},"end":{"line":6,"column":269}},"type":"if","locations":[{"start":{"line":6,"column":172},"end":{"line":6,"column":269}},{"start":{"line":6,"column":172},"end":{"line":6,"column":269}}],"line":6},"7":{"loc":{"start":{"line":6,"column":317},"end":{"line":6,"column":414}},"type":"if","locations":[{"start":{"line":6,"column":317},"end":{"line":6,"column":414}},{"start":{"line":6,"column":317},"end":{"line":6,"column":414}}],"line":6},"8":{"loc":{"start":{"line":6,"column":421},"end":{"line":6,"column":487}},"type":"cond-expr","locations":[{"start":{"line":6,"column":478},"end":{"line":6,"column":482}},{"start":{"line":6,"column":483},"end":{"line":6,"column":487}}],"line":6},"9":{"loc":{"start":{"line":6,"column":421},"end":{"line":6,"column":477}},"type":"binary-expr","locations":[{"start":{"line":6,"column":421},"end":{"line":6,"column":425}},{"start":{"line":6,"column":428},"end":{"line":6,"column":450}},{"start":{"line":6,"column":452},"end":{"line":6,"column":476}}],"line":6},"10":{"loc":{"start":{"line":6,"column":529},"end":{"line":6,"column":682}},"type":"if","locations":[{"start":{"line":6,"column":529},"end":{"line":6,"column":682}},{"start":{"line":6,"column":529},"end":{"line":6,"column":682}}],"line":6},"11":{"loc":{"start":{"line":6,"column":532},"end":{"line":6,"column":581}},"type":"binary-expr","locations":[{"start":{"line":6,"column":532},"end":{"line":6,"column":562}},{"start":{"line":6,"column":564},"end":{"line":6,"column":581}}],"line":6},"12":{"loc":{"start":{"line":6,"column":715},"end":{"line":6,"column":747}},"type":"binary-expr","locations":[{"start":{"line":6,"column":715},"end":{"line":6,"column":725}},{"start":{"line":6,"column":727},"end":{"line":6,"column":747}}],"line":6},"13":{"loc":{"start":{"line":6,"column":829},"end":{"line":6,"column":938}},"type":"if","locations":[{"start":{"line":6,"column":829},"end":{"line":6,"column":938}},{"start":{"line":6,"column":829},"end":{"line":6,"column":938}}],"line":6},"14":{"loc":{"start":{"line":6,"column":843},"end":{"line":6,"column":937}},"type":"cond-expr","locations":[{"start":{"line":6,"column":865},"end":{"line":6,"column":907}},{"start":{"line":6,"column":908},"end":{"line":6,"column":937}}],"line":6},"15":{"loc":{"start":{"line":22,"column":101},"end":{"line":22,"column":154}},"type":"binary-expr","locations":[{"start":{"line":22,"column":101},"end":{"line":22,"column":120}},{"start":{"line":22,"column":122},"end":{"line":22,"column":154}}],"line":22}},"s":{"0":0,"1":0,"2":0,"3":0,"4":0,"5":0,"6":0,"7":0,"8":0,"9":0,"10":0,"11":0,"12":0,"13":0,"14":0,"15":0,"16":0,"17":0,"18":0,"19":0,"20":0,"21":0,"22":0,"23":0,"24":0,"25":0,"26":0,"27":0,"28":0,"29":0,"30":0,"31":0,"32":0,"33":0,"34":0,"35":0,"36":0,"37":0,"38":0,"39":0,"40":0,"41":0,"42":0,"43":0,"44":0,"45":0,"46":0,"47":0,"48":0,"49":0,"50":0,"51":0,"52":0,"53":0,"54":0,"55":0,"56":0,"57":0},"f":{"0":0,"1":0,"2":0,"3":0,"4":0,"5":0,"6":0,"7":0,"8":0,"9":0,"10":0,"11":0,"12":0,"13":0},"b":{"0":[0,0],"1":[0,0],"2":[0,0],"3":[0,0],"4":[0,0],"5":[0,0],"6":[0,0],"7":[0,0],"8":[0,0],"9":[0,0,0],"10":[0,0],"11":[0,0],"12":[0,0],"13":[0,0],"14":[0,0],"15":[0,0]}}
,"/Users/nicolasjustiniano/Workspace/thoughtworks/Grillo-App/src/constants/habit.js": {"path":"/Users/nicolasjustiniano/Workspace/thoughtworks/Grillo-App/src/constants/habit.js","statementMap":{"0":{"start":{"line":3,"column":22},"end":{"line":7,"column":1}},"1":{"start":{"line":11,"column":4},"end":{"line":11,"column":24}},"2":{"start":{"line":12,"column":4},"end":{"line":12,"column":21}},"3":{"start":{"line":13,"column":4},"end":{"line":13,"column":39}},"4":{"start":{"line":14,"column":4},"end":{"line":14,"column":24}},"5":{"start":{"line":15,"column":4},"end":{"line":15,"column":32}},"6":{"start":{"line":21,"column":4},"end":{"line":23,"column":20}},"7":{"start":{"line":25,"column":2},"end":{"line":26,"column":36}}},"fnMap":{"0":{"name":"(anonymous_0)","decl":{"start":{"line":10,"column":2},"end":{"line":10,"column":3}},"loc":{"start":{"line":10,"column":20},"end":{"line":16,"column":3}},"line":10},"1":{"name":"guid","decl":{"start":{"line":19,"column":9},"end":{"line":19,"column":13}},"loc":{"start":{"line":19,"column":16},"end":{"line":27,"column":1}},"line":19},"2":{"name":"s4","decl":{"start":{"line":20,"column":11},"end":{"line":20,"column":13}},"loc":{"start":{"line":20,"column":16},"end":{"line":24,"column":3}},"line":20}},"branchMap":{},"s":{"0":2,"1":4,"2":4,"3":4,"4":4,"5":4,"6":32,"7":4},"f":{"0":4,"1":4,"2":32},"b":{},"_coverageSchema":"332fd63041d2c1bcb487cc26dd0d5f7d97098a6c","hash":"e18b40a467b93d5e2d69366ba90dc82c1988bb03"}
,"/Users/nicolasjustiniano/Workspace/thoughtworks/Grillo-App/src/containers/AddHabit.js": {"path":"/Users/nicolasjustiniano/Workspace/thoughtworks/Grillo-App/src/containers/AddHabit.js","statementMap":{"0":{"start":{"line":11,"column":15},"end":{"line":47,"column":4}},"1":{"start":{"line":58,"column":4},"end":{"line":58,"column":17}},"2":{"start":{"line":59,"column":25},"end":{"line":59,"column":30}},"3":{"start":{"line":60,"column":4},"end":{"line":63,"column":5}},"4":{"start":{"line":65,"column":4},"end":{"line":65,"column":45}},"5":{"start":{"line":65,"column":30},"end":{"line":65,"column":44}},"6":{"start":{"line":69,"column":4},"end":{"line":80,"column":5}},"7":{"start":{"line":70,"column":8},"end":{"line":70,"column":44}},"8":{"start":{"line":73,"column":8},"end":{"line":73,"column":40}},"9":{"start":{"line":74,"column":8},"end":{"line":74,"column":39}},"10":{"start":{"line":84,"column":4},"end":{"line":84,"column":39}},"11":{"start":{"line":88,"column":4},"end":{"line":88,"column":34}},"12":{"start":{"line":92,"column":4},"end":{"line":92,"column":35}},"13":{"start":{"line":96,"column":27},"end":{"line":96,"column":37}},"14":{"start":{"line":97,"column":4},"end":{"line":125,"column":6}},"15":{"start":{"line":105,"column":30},"end":{"line":105,"column":52}},"16":{"start":{"line":52,"column":14},"end":{"line":52,"column":56}}},"fnMap":{"0":{"name":"(anonymous_0)","decl":{"start":{"line":57,"column":2},"end":{"line":57,"column":3}},"loc":{"start":{"line":57,"column":21},"end":{"line":66,"column":3}},"line":57},"1":{"name":"(anonymous_1)","decl":{"start":{"line":65,"column":20},"end":{"line":65,"column":21}},"loc":{"start":{"line":65,"column":30},"end":{"line":65,"column":44}},"line":65},"2":{"name":"(anonymous_2)","decl":{"start":{"line":68,"column":20},"end":{"line":68,"column":21}},"loc":{"start":{"line":68,"column":26},"end":{"line":81,"column":3}},"line":68},"3":{"name":"(anonymous_3)","decl":{"start":{"line":83,"column":18},"end":{"line":83,"column":19}},"loc":{"start":{"line":83,"column":38},"end":{"line":85,"column":3}},"line":83},"4":{"name":"(anonymous_4)","decl":{"start":{"line":87,"column":15},"end":{"line":87,"column":16}},"loc":{"start":{"line":87,"column":24},"end":{"line":89,"column":3}},"line":87},"5":{"name":"(anonymous_5)","decl":{"start":{"line":91,"column":15},"end":{"line":91,"column":16}},"loc":{"start":{"line":91,"column":21},"end":{"line":93,"column":3}},"line":91},"6":{"name":"(anonymous_6)","decl":{"start":{"line":95,"column":2},"end":{"line":95,"column":3}},"loc":{"start":{"line":95,"column":11},"end":{"line":126,"column":3}},"line":95},"7":{"name":"(anonymous_7)","decl":{"start":{"line":105,"column":21},"end":{"line":105,"column":22}},"loc":{"start":{"line":105,"column":30},"end":{"line":105,"column":52}},"line":105},"8":{"name":"(anonymous_8)","decl":{"start":{"line":52,"column":2},"end":{"line":52,"column":3}},"loc":{"start":{"line":52,"column":14},"end":{"line":52,"column":56}},"line":52}},"branchMap":{"0":{"loc":{"start":{"line":69,"column":4},"end":{"line":80,"column":5}},"type":"if","locations":[{"start":{"line":69,"column":4},"end":{"line":80,"column":5}},{"start":{"line":69,"column":4},"end":{"line":80,"column":5}}],"line":69},"1":{"loc":{"start":{"line":104,"column":23},"end":{"line":104,"column":49}},"type":"cond-expr","locations":[{"start":{"line":104,"column":37},"end":{"line":104,"column":42}},{"start":{"line":104,"column":45},"end":{"line":104,"column":49}}],"line":104},"2":{"loc":{"start":{"line":108,"column":14},"end":{"line":109,"column":112}},"type":"binary-expr","locations":[{"start":{"line":108,"column":14},"end":{"line":108,"column":24}},{"start":{"line":109,"column":16},"end":{"line":109,"column":112}}],"line":108}},"s":{"0":1,"1":3,"2":3,"3":3,"4":3,"5":1,"6":3,"7":2,"8":1,"9":1,"10":3,"11":3,"12":0,"13":8,"14":8,"15":0,"16":3},"f":{"0":3,"1":1,"2":3,"3":3,"4":3,"5":0,"6":8,"7":0,"8":3},"b":{"0":[2,1],"1":[6,2],"2":[8,2]},"_coverageSchema":"332fd63041d2c1bcb487cc26dd0d5f7d97098a6c","hash":"72101df020515902e1d85d0dd4ace794947f7a1e"}
,"/Users/nicolasjustiniano/Workspace/thoughtworks/Grillo-App/src/containers/App.js": {"path":"/Users/nicolasjustiniano/Workspace/thoughtworks/Grillo-App/src/containers/App.js","statementMap":{"0":{"start":{"line":1,"column":0},"end":{"line":1,"column":57}},"1":{"start":{"line":1,"column":57},"end":{"line":1,"column":83}},"2":{"start":{"line":1,"column":100},"end":{"line":1,"column":592}},"3":{"start":{"line":1,"column":151},"end":{"line":1,"column":393}},"4":{"start":{"line":1,"column":198},"end":{"line":1,"column":206}},"5":{"start":{"line":1,"column":207},"end":{"line":1,"column":258}},"6":{"start":{"line":1,"column":258},"end":{"line":1,"column":287}},"7":{"start":{"line":1,"column":287},"end":{"line":1,"column":336}},"8":{"start":{"line":1,"column":311},"end":{"line":1,"column":336}},"9":{"start":{"line":1,"column":336},"end":{"line":1,"column":392}},"10":{"start":{"line":1,"column":394},"end":{"line":1,"column":589}},"11":{"start":{"line":1,"column":446},"end":{"line":1,"column":511}},"12":{"start":{"line":1,"column":460},"end":{"line":1,"column":511}},"13":{"start":{"line":1,"column":511},"end":{"line":1,"column":568}},"14":{"start":{"line":1,"column":526},"end":{"line":1,"column":568}},"15":{"start":{"line":1,"column":568},"end":{"line":1,"column":587}},"16":{"start":{"line":1,"column":634},"end":{"line":1,"column":650}},"17":{"start":{"line":1,"column":663},"end":{"line":1,"column":693}},"18":{"start":{"line":2,"column":15},"end":{"line":2,"column":36}},"19":{"start":{"line":2,"column":53},"end":{"line":2,"column":87}},"20":{"start":{"line":3,"column":17},"end":{"line":3,"column":40}},"21":{"start":{"line":4,"column":21},"end":{"line":4,"column":69}},"22":{"start":{"line":5,"column":16},"end":{"line":5,"column":38}},"23":{"start":{"line":6,"column":15},"end":{"line":6,"column":38}},"24":{"start":{"line":6,"column":55},"end":{"line":6,"column":89}},"25":{"start":{"line":6,"column":127},"end":{"line":6,"column":172}},"26":{"start":{"line":6,"column":220},"end":{"line":6,"column":317}},"27":{"start":{"line":6,"column":259},"end":{"line":6,"column":316}},"28":{"start":{"line":6,"column":365},"end":{"line":6,"column":462}},"29":{"start":{"line":6,"column":375},"end":{"line":6,"column":461}},"30":{"start":{"line":6,"column":462},"end":{"line":6,"column":536}},"31":{"start":{"line":6,"column":577},"end":{"line":6,"column":730}},"32":{"start":{"line":6,"column":631},"end":{"line":6,"column":729}},"33":{"start":{"line":6,"column":730},"end":{"line":6,"column":877}},"34":{"start":{"line":6,"column":877},"end":{"line":6,"column":986}},"35":{"start":{"line":6,"column":891},"end":{"line":6,"column":986}},"36":{"start":{"line":13,"column":24},"end":{"line":33,"column":177}},"37":{"start":{"line":13,"column":69},"end":{"line":13,"column":91}},"38":{"start":{"line":13,"column":112},"end":{"line":13,"column":138}},"39":{"start":{"line":13,"column":189},"end":{"line":13,"column":234}},"40":{"start":{"line":13,"column":268},"end":{"line":13,"column":313}},"41":{"start":{"line":13,"column":313},"end":{"line":13,"column":457}},"42":{"start":{"line":13,"column":458},"end":{"line":33,"column":5}},"43":{"start":{"line":19,"column":12},"end":{"line":19,"column":16}},"44":{"start":{"line":20,"column":0},"end":{"line":23,"column":3}},"45":{"start":{"line":21,"column":0},"end":{"line":21,"column":65}},"46":{"start":{"line":22,"column":0},"end":{"line":22,"column":12}},"47":{"start":{"line":27,"column":0},"end":{"line":27,"column":26}},"48":{"start":{"line":31,"column":0},"end":{"line":31,"column":10}},"49":{"start":{"line":31,"column":20},"end":{"line":31,"column":35}},"50":{"start":{"line":31,"column":40},"end":{"line":31,"column":50}},"51":{"start":{"line":32,"column":0},"end":{"line":32,"column":144}},"52":{"start":{"line":33,"column":5},"end":{"line":33,"column":35}},"53":{"start":{"line":33,"column":179},"end":{"line":33,"column":218}}},"fnMap":{"0":{"name":"(anonymous_0)","decl":{"start":{"line":1,"column":100},"end":{"line":1,"column":101}},"loc":{"start":{"line":1,"column":110},"end":{"line":1,"column":590}},"line":1},"1":{"name":"defineProperties","decl":{"start":{"line":1,"column":120},"end":{"line":1,"column":136}},"loc":{"start":{"line":1,"column":150},"end":{"line":1,"column":394}},"line":1},"2":{"name":"(anonymous_2)","decl":{"start":{"line":1,"column":401},"end":{"line":1,"column":402}},"loc":{"start":{"line":1,"column":445},"end":{"line":1,"column":588}},"line":1},"3":{"name":"_interopRequireDefault","decl":{"start":{"line":6,"column":99},"end":{"line":6,"column":121}},"loc":{"start":{"line":6,"column":126},"end":{"line":6,"column":173}},"line":6},"4":{"name":"_classCallCheck","decl":{"start":{"line":6,"column":182},"end":{"line":6,"column":197}},"loc":{"start":{"line":6,"column":219},"end":{"line":6,"column":318}},"line":6},"5":{"name":"_possibleConstructorReturn","decl":{"start":{"line":6,"column":327},"end":{"line":6,"column":353}},"loc":{"start":{"line":6,"column":364},"end":{"line":6,"column":537}},"line":6},"6":{"name":"_inherits","decl":{"start":{"line":6,"column":546},"end":{"line":6,"column":555}},"loc":{"start":{"line":6,"column":576},"end":{"line":6,"column":987}},"line":6},"7":{"name":"(anonymous_7)","decl":{"start":{"line":13,"column":53},"end":{"line":13,"column":54}},"loc":{"start":{"line":13,"column":68},"end":{"line":13,"column":92}},"line":13},"8":{"name":"(anonymous_8)","decl":{"start":{"line":13,"column":93},"end":{"line":13,"column":94}},"loc":{"start":{"line":13,"column":111},"end":{"line":13,"column":139}},"line":13},"9":{"name":"(anonymous_9)","decl":{"start":{"line":13,"column":168},"end":{"line":13,"column":169}},"loc":{"start":{"line":13,"column":188},"end":{"line":33,"column":36}},"line":13},"10":{"name":"AppWithNavigationState","decl":{"start":{"line":13,"column":243},"end":{"line":13,"column":265}},"loc":{"start":{"line":13,"column":267},"end":{"line":13,"column":458}},"line":13},"11":{"name":"componentDidMount","decl":{"start":{"line":13,"column":535},"end":{"line":13,"column":552}},"loc":{"start":{"line":19,"column":0},"end":{"line":24,"column":1}},"line":19},"12":{"name":"(anonymous_12)","decl":{"start":{"line":20,"column":79},"end":{"line":20,"column":80}},"loc":{"start":{"line":20,"column":89},"end":{"line":23,"column":1}},"line":20},"13":{"name":"componentWillUnmount","decl":{"start":{"line":24,"column":46},"end":{"line":24,"column":66}},"loc":{"start":{"line":26,"column":0},"end":{"line":28,"column":1}},"line":26},"14":{"name":"render","decl":{"start":{"line":28,"column":32},"end":{"line":28,"column":38}},"loc":{"start":{"line":30,"column":0},"end":{"line":33,"column":1}},"line":30}},"branchMap":{"0":{"loc":{"start":{"line":1,"column":229},"end":{"line":1,"column":257}},"type":"binary-expr","locations":[{"start":{"line":1,"column":229},"end":{"line":1,"column":250}},{"start":{"line":1,"column":252},"end":{"line":1,"column":257}}],"line":1},"1":{"loc":{"start":{"line":1,"column":287},"end":{"line":1,"column":336}},"type":"if","locations":[{"start":{"line":1,"column":287},"end":{"line":1,"column":336}},{"start":{"line":1,"column":287},"end":{"line":1,"column":336}}],"line":1},"2":{"loc":{"start":{"line":1,"column":446},"end":{"line":1,"column":511}},"type":"if","locations":[{"start":{"line":1,"column":446},"end":{"line":1,"column":511}},{"start":{"line":1,"column":446},"end":{"line":1,"column":511}}],"line":1},"3":{"loc":{"start":{"line":1,"column":511},"end":{"line":1,"column":568}},"type":"if","locations":[{"start":{"line":1,"column":511},"end":{"line":1,"column":568}},{"start":{"line":1,"column":511},"end":{"line":1,"column":568}}],"line":1},"4":{"loc":{"start":{"line":6,"column":134},"end":{"line":6,"column":171}},"type":"cond-expr","locations":[{"start":{"line":6,"column":154},"end":{"line":6,"column":157}},{"start":{"line":6,"column":158},"end":{"line":6,"column":171}}],"line":6},"5":{"loc":{"start":{"line":6,"column":134},"end":{"line":6,"column":153}},"type":"binary-expr","locations":[{"start":{"line":6,"column":134},"end":{"line":6,"column":137}},{"start":{"line":6,"column":139},"end":{"line":6,"column":153}}],"line":6},"6":{"loc":{"start":{"line":6,"column":220},"end":{"line":6,"column":317}},"type":"if","locations":[{"start":{"line":6,"column":220},"end":{"line":6,"column":317}},{"start":{"line":6,"column":220},"end":{"line":6,"column":317}}],"line":6},"7":{"loc":{"start":{"line":6,"column":365},"end":{"line":6,"column":462}},"type":"if","locations":[{"start":{"line":6,"column":365},"end":{"line":6,"column":462}},{"start":{"line":6,"column":365},"end":{"line":6,"column":462}}],"line":6},"8":{"loc":{"start":{"line":6,"column":469},"end":{"line":6,"column":535}},"type":"cond-expr","locations":[{"start":{"line":6,"column":526},"end":{"line":6,"column":530}},{"start":{"line":6,"column":531},"end":{"line":6,"column":535}}],"line":6},"9":{"loc":{"start":{"line":6,"column":469},"end":{"line":6,"column":525}},"type":"binary-expr","locations":[{"start":{"line":6,"column":469},"end":{"line":6,"column":473}},{"start":{"line":6,"column":476},"end":{"line":6,"column":498}},{"start":{"line":6,"column":500},"end":{"line":6,"column":524}}],"line":6},"10":{"loc":{"start":{"line":6,"column":577},"end":{"line":6,"column":730}},"type":"if","locations":[{"start":{"line":6,"column":577},"end":{"line":6,"column":730}},{"start":{"line":6,"column":577},"end":{"line":6,"column":730}}],"line":6},"11":{"loc":{"start":{"line":6,"column":580},"end":{"line":6,"column":629}},"type":"binary-expr","locations":[{"start":{"line":6,"column":580},"end":{"line":6,"column":610}},{"start":{"line":6,"column":612},"end":{"line":6,"column":629}}],"line":6},"12":{"loc":{"start":{"line":6,"column":763},"end":{"line":6,"column":795}},"type":"binary-expr","locations":[{"start":{"line":6,"column":763},"end":{"line":6,"column":773}},{"start":{"line":6,"column":775},"end":{"line":6,"column":795}}],"line":6},"13":{"loc":{"start":{"line":6,"column":877},"end":{"line":6,"column":986}},"type":"if","locations":[{"start":{"line":6,"column":877},"end":{"line":6,"column":986}},{"start":{"line":6,"column":877},"end":{"line":6,"column":986}}],"line":6},"14":{"loc":{"start":{"line":6,"column":891},"end":{"line":6,"column":985}},"type":"cond-expr","locations":[{"start":{"line":6,"column":913},"end":{"line":6,"column":955}},{"start":{"line":6,"column":956},"end":{"line":6,"column":985}}],"line":6},"15":{"loc":{"start":{"line":13,"column":141},"end":{"line":33,"column":177}},"type":"binary-expr","locations":[{"start":{"line":13,"column":141},"end":{"line":33,"column":169}},{"start":{"line":33,"column":171},"end":{"line":33,"column":177}}],"line":13},"16":{"loc":{"start":{"line":13,"column":353},"end":{"line":13,"column":432}},"type":"binary-expr","locations":[{"start":{"line":13,"column":353},"end":{"line":13,"column":385}},{"start":{"line":13,"column":387},"end":{"line":13,"column":432}}],"line":13}},"s":{"0":0,"1":0,"2":0,"3":0,"4":0,"5":0,"6":0,"7":0,"8":0,"9":0,"10":0,"11":0,"12":0,"13":0,"14":0,"15":0,"16":0,"17":0,"18":0,"19":0,"20":0,"21":0,"22":0,"23":0,"24":0,"25":0,"26":0,"27":0,"28":0,"29":0,"30":0,"31":0,"32":0,"33":0,"34":0,"35":0,"36":0,"37":0,"38":0,"39":0,"40":0,"41":0,"42":0,"43":0,"44":0,"45":0,"46":0,"47":0,"48":0,"49":0,"50":0,"51":0,"52":0,"53":0},"f":{"0":0,"1":0,"2":0,"3":0,"4":0,"5":0,"6":0,"7":0,"8":0,"9":0,"10":0,"11":0,"12":0,"13":0,"14":0},"b":{"0":[0,0],"1":[0,0],"2":[0,0],"3":[0,0],"4":[0,0],"5":[0,0],"6":[0,0],"7":[0,0],"8":[0,0],"9":[0,0,0],"10":[0,0],"11":[0,0],"12":[0,0],"13":[0,0],"14":[0,0],"15":[0,0],"16":[0,0]}}
,"/Users/nicolasjustiniano/Workspace/thoughtworks/Grillo-App/src/containers/AppHeader.js": {"path":"/Users/nicolasjustiniano/Workspace/thoughtworks/Grillo-App/src/containers/AppHeader.js","statementMap":{"0":{"start":{"line":1,"column":0},"end":{"line":1,"column":57}},"1":{"start":{"line":1,"column":57},"end":{"line":1,"column":83}},"2":{"start":{"line":1,"column":96},"end":{"line":1,"column":306}},"3":{"start":{"line":1,"column":128},"end":{"line":1,"column":291}},"4":{"start":{"line":1,"column":175},"end":{"line":1,"column":187}},"5":{"start":{"line":1,"column":188},"end":{"line":1,"column":290}},"6":{"start":{"line":1,"column":211},"end":{"line":1,"column":289}},"7":{"start":{"line":1,"column":264},"end":{"line":1,"column":288}},"8":{"start":{"line":1,"column":291},"end":{"line":1,"column":305}},"9":{"start":{"line":1,"column":324},"end":{"line":1,"column":816}},"10":{"start":{"line":1,"column":375},"end":{"line":1,"column":617}},"11":{"start":{"line":1,"column":422},"end":{"line":1,"column":430}},"12":{"start":{"line":1,"column":431},"end":{"line":1,"column":482}},"13":{"start":{"line":1,"column":482},"end":{"line":1,"column":511}},"14":{"start":{"line":1,"column":511},"end":{"line":1,"column":560}},"15":{"start":{"line":1,"column":535},"end":{"line":1,"column":560}},"16":{"start":{"line":1,"column":560},"end":{"line":1,"column":616}},"17":{"start":{"line":1,"column":618},"end":{"line":1,"column":813}},"18":{"start":{"line":1,"column":670},"end":{"line":1,"column":735}},"19":{"start":{"line":1,"column":684},"end":{"line":1,"column":735}},"20":{"start":{"line":1,"column":735},"end":{"line":1,"column":792}},"21":{"start":{"line":1,"column":750},"end":{"line":1,"column":792}},"22":{"start":{"line":1,"column":792},"end":{"line":1,"column":811}},"23":{"start":{"line":1,"column":844},"end":{"line":1,"column":860}},"24":{"start":{"line":1,"column":873},"end":{"line":1,"column":903}},"25":{"start":{"line":2,"column":11},"end":{"line":2,"column":27}},"26":{"start":{"line":3,"column":16},"end":{"line":3,"column":38}},"27":{"start":{"line":4,"column":15},"end":{"line":4,"column":36}},"28":{"start":{"line":4,"column":53},"end":{"line":4,"column":87}},"29":{"start":{"line":5,"column":25},"end":{"line":5,"column":57}},"30":{"start":{"line":6,"column":12},"end":{"line":6,"column":40}},"31":{"start":{"line":6,"column":58},"end":{"line":6,"column":90}},"32":{"start":{"line":7,"column":12},"end":{"line":7,"column":41}},"33":{"start":{"line":7,"column":80},"end":{"line":7,"column":275}},"34":{"start":{"line":7,"column":104},"end":{"line":7,"column":115}},"35":{"start":{"line":7,"column":132},"end":{"line":7,"column":134}},"36":{"start":{"line":7,"column":135},"end":{"line":7,"column":241}},"37":{"start":{"line":7,"column":149},"end":{"line":7,"column":240}},"38":{"start":{"line":7,"column":169},"end":{"line":7,"column":239}},"39":{"start":{"line":7,"column":218},"end":{"line":7,"column":239}},"40":{"start":{"line":7,"column":241},"end":{"line":7,"column":260}},"41":{"start":{"line":7,"column":260},"end":{"line":7,"column":274}},"42":{"start":{"line":7,"column":313},"end":{"line":7,"column":358}},"43":{"start":{"line":7,"column":406},"end":{"line":7,"column":503}},"44":{"start":{"line":7,"column":445},"end":{"line":7,"column":502}},"45":{"start":{"line":7,"column":551},"end":{"line":7,"column":648}},"46":{"start":{"line":7,"column":561},"end":{"line":7,"column":647}},"47":{"start":{"line":7,"column":648},"end":{"line":7,"column":722}},"48":{"start":{"line":7,"column":763},"end":{"line":7,"column":916}},"49":{"start":{"line":7,"column":817},"end":{"line":7,"column":915}},"50":{"start":{"line":7,"column":916},"end":{"line":7,"column":1063}},"51":{"start":{"line":7,"column":1063},"end":{"line":7,"column":1172}},"52":{"start":{"line":7,"column":1077},"end":{"line":7,"column":1172}},"53":{"start":{"line":14,"column":11},"end":{"line":53,"column":50}},"54":{"start":{"line":14,"column":64},"end":{"line":14,"column":123}},"55":{"start":{"line":14,"column":159},"end":{"line":14,"column":191}},"56":{"start":{"line":15,"column":26},"end":{"line":15,"column":58}},"57":{"start":{"line":15,"column":68},"end":{"line":16,"column":7}},"58":{"start":{"line":16,"column":8},"end":{"line":34,"column":2}},"59":{"start":{"line":27,"column":0},"end":{"line":31,"column":3}},"60":{"start":{"line":28,"column":0},"end":{"line":30,"column":1}},"61":{"start":{"line":29,"column":0},"end":{"line":29,"column":20}},"62":{"start":{"line":33,"column":0},"end":{"line":33,"column":38}},"63":{"start":{"line":34,"column":18},"end":{"line":34,"column":35}},"64":{"start":{"line":34,"column":36},"end":{"line":34,"column":60}},"65":{"start":{"line":34,"column":60},"end":{"line":34,"column":112}},"66":{"start":{"line":34,"column":89},"end":{"line":34,"column":110}},"67":{"start":{"line":34,"column":112},"end":{"line":34,"column":125}},"68":{"start":{"line":34,"column":126},"end":{"line":53,"column":5}},"69":{"start":{"line":37,"column":0},"end":{"line":40,"column":18}},"70":{"start":{"line":45,"column":0},"end":{"line":50,"column":38}},"71":{"start":{"line":53,"column":5},"end":{"line":53,"column":22}},"72":{"start":{"line":53,"column":52},"end":{"line":53,"column":78}}},"fnMap":{"0":{"name":"(anonymous_0)","decl":{"start":{"line":1,"column":111},"end":{"line":1,"column":112}},"loc":{"start":{"line":1,"column":127},"end":{"line":1,"column":306}},"line":1},"1":{"name":"(anonymous_1)","decl":{"start":{"line":1,"column":324},"end":{"line":1,"column":325}},"loc":{"start":{"line":1,"column":334},"end":{"line":1,"column":814}},"line":1},"2":{"name":"defineProperties","decl":{"start":{"line":1,"column":344},"end":{"line":1,"column":360}},"loc":{"start":{"line":1,"column":374},"end":{"line":1,"column":618}},"line":1},"3":{"name":"(anonymous_3)","decl":{"start":{"line":1,"column":625},"end":{"line":1,"column":626}},"loc":{"start":{"line":1,"column":669},"end":{"line":1,"column":812}},"line":1},"4":{"name":"_interopRequireWildcard","decl":{"start":{"line":7,"column":51},"end":{"line":7,"column":74}},"loc":{"start":{"line":7,"column":79},"end":{"line":7,"column":276}},"line":7},"5":{"name":"_interopRequireDefault","decl":{"start":{"line":7,"column":285},"end":{"line":7,"column":307}},"loc":{"start":{"line":7,"column":312},"end":{"line":7,"column":359}},"line":7},"6":{"name":"_classCallCheck","decl":{"start":{"line":7,"column":368},"end":{"line":7,"column":383}},"loc":{"start":{"line":7,"column":405},"end":{"line":7,"column":504}},"line":7},"7":{"name":"_possibleConstructorReturn","decl":{"start":{"line":7,"column":513},"end":{"line":7,"column":539}},"loc":{"start":{"line":7,"column":550},"end":{"line":7,"column":723}},"line":7},"8":{"name":"_inherits","decl":{"start":{"line":7,"column":732},"end":{"line":7,"column":741}},"loc":{"start":{"line":7,"column":762},"end":{"line":7,"column":1173}},"line":7},"9":{"name":"(anonymous_9)","decl":{"start":{"line":14,"column":45},"end":{"line":14,"column":46}},"loc":{"start":{"line":14,"column":63},"end":{"line":14,"column":124}},"line":14},"10":{"name":"(anonymous_10)","decl":{"start":{"line":14,"column":138},"end":{"line":14,"column":139}},"loc":{"start":{"line":14,"column":158},"end":{"line":53,"column":23}},"line":14},"11":{"name":"AppHeader","decl":{"start":{"line":15,"column":9},"end":{"line":15,"column":18}},"loc":{"start":{"line":15,"column":25},"end":{"line":34,"column":126}},"line":15},"12":{"name":"(anonymous_12)","decl":{"start":{"line":26,"column":12},"end":{"line":26,"column":13}},"loc":{"start":{"line":26,"column":22},"end":{"line":34,"column":1}},"line":26},"13":{"name":"(anonymous_13)","decl":{"start":{"line":27,"column":47},"end":{"line":27,"column":48}},"loc":{"start":{"line":27,"column":57},"end":{"line":31,"column":1}},"line":27},"14":{"name":"(anonymous_14)","decl":{"start":{"line":34,"column":78},"end":{"line":34,"column":79}},"loc":{"start":{"line":34,"column":88},"end":{"line":34,"column":111}},"line":34},"15":{"name":"deleteButton","decl":{"start":{"line":34,"column":185},"end":{"line":34,"column":197}},"loc":{"start":{"line":36,"column":0},"end":{"line":42,"column":1}},"line":36},"16":{"name":"render","decl":{"start":{"line":42,"column":32},"end":{"line":42,"column":38}},"loc":{"start":{"line":44,"column":0},"end":{"line":53,"column":1}},"line":44}},"branchMap":{"0":{"loc":{"start":{"line":1,"column":96},"end":{"line":1,"column":306}},"type":"binary-expr","locations":[{"start":{"line":1,"column":96},"end":{"line":1,"column":109}},{"start":{"line":1,"column":111},"end":{"line":1,"column":306}}],"line":1},"1":{"loc":{"start":{"line":1,"column":211},"end":{"line":1,"column":289}},"type":"if","locations":[{"start":{"line":1,"column":211},"end":{"line":1,"column":289}},{"start":{"line":1,"column":211},"end":{"line":1,"column":289}}],"line":1},"2":{"loc":{"start":{"line":1,"column":453},"end":{"line":1,"column":481}},"type":"binary-expr","locations":[{"start":{"line":1,"column":453},"end":{"line":1,"column":474}},{"start":{"line":1,"column":476},"end":{"line":1,"column":481}}],"line":1},"3":{"loc":{"start":{"line":1,"column":511},"end":{"line":1,"column":560}},"type":"if","locations":[{"start":{"line":1,"column":511},"end":{"line":1,"column":560}},{"start":{"line":1,"column":511},"end":{"line":1,"column":560}}],"line":1},"4":{"loc":{"start":{"line":1,"column":670},"end":{"line":1,"column":735}},"type":"if","locations":[{"start":{"line":1,"column":670},"end":{"line":1,"column":735}},{"start":{"line":1,"column":670},"end":{"line":1,"column":735}}],"line":1},"5":{"loc":{"start":{"line":1,"column":735},"end":{"line":1,"column":792}},"type":"if","locations":[{"start":{"line":1,"column":735},"end":{"line":1,"column":792}},{"start":{"line":1,"column":735},"end":{"line":1,"column":792}}],"line":1},"6":{"loc":{"start":{"line":7,"column":80},"end":{"line":7,"column":275}},"type":"if","locations":[{"start":{"line":7,"column":80},"end":{"line":7,"column":275}},{"start":{"line":7,"column":80},"end":{"line":7,"column":275}}],"line":7},"7":{"loc":{"start":{"line":7,"column":83},"end":{"line":7,"column":102}},"type":"binary-expr","locations":[{"start":{"line":7,"column":83},"end":{"line":7,"column":86}},{"start":{"line":7,"column":88},"end":{"line":7,"column":102}}],"line":7},"8":{"loc":{"start":{"line":7,"column":135},"end":{"line":7,"column":241}},"type":"if","locations":[{"start":{"line":7,"column":135},"end":{"line":7,"column":241}},{"start":{"line":7,"column":135},"end":{"line":7,"column":241}}],"line":7},"9":{"loc":{"start":{"line":7,"column":169},"end":{"line":7,"column":239}},"type":"if","locations":[{"start":{"line":7,"column":169},"end":{"line":7,"column":239}},{"start":{"line":7,"column":169},"end":{"line":7,"column":239}}],"line":7},"10":{"loc":{"start":{"line":7,"column":320},"end":{"line":7,"column":357}},"type":"cond-expr","locations":[{"start":{"line":7,"column":340},"end":{"line":7,"column":343}},{"start":{"line":7,"column":344},"end":{"line":7,"column":357}}],"line":7},"11":{"loc":{"start":{"line":7,"column":320},"end":{"line":7,"column":339}},"type":"binary-expr","locations":[{"start":{"line":7,"column":320},"end":{"line":7,"column":323}},{"start":{"line":7,"column":325},"end":{"line":7,"column":339}}],"line":7},"12":{"loc":{"start":{"line":7,"column":406},"end":{"line":7,"column":503}},"type":"if","locations":[{"start":{"line":7,"column":406},"end":{"line":7,"column":503}},{"start":{"line":7,"column":406},"end":{"line":7,"column":503}}],"line":7},"13":{"loc":{"start":{"line":7,"column":551},"end":{"line":7,"column":648}},"type":"if","locations":[{"start":{"line":7,"column":551},"end":{"line":7,"column":648}},{"start":{"line":7,"column":551},"end":{"line":7,"column":648}}],"line":7},"14":{"loc":{"start":{"line":7,"column":655},"end":{"line":7,"column":721}},"type":"cond-expr","locations":[{"start":{"line":7,"column":712},"end":{"line":7,"column":716}},{"start":{"line":7,"column":717},"end":{"line":7,"column":721}}],"line":7},"15":{"loc":{"start":{"line":7,"column":655},"end":{"line":7,"column":711}},"type":"binary-expr","locations":[{"start":{"line":7,"column":655},"end":{"line":7,"column":659}},{"start":{"line":7,"column":662},"end":{"line":7,"column":684}},{"start":{"line":7,"column":686},"end":{"line":7,"column":710}}],"line":7},"16":{"loc":{"start":{"line":7,"column":763},"end":{"line":7,"column":916}},"type":"if","locations":[{"start":{"line":7,"column":763},"end":{"line":7,"column":916}},{"start":{"line":7,"column":763},"end":{"line":7,"column":916}}],"line":7},"17":{"loc":{"start":{"line":7,"column":766},"end":{"line":7,"column":815}},"type":"binary-expr","locations":[{"start":{"line":7,"column":766},"end":{"line":7,"column":796}},{"start":{"line":7,"column":798},"end":{"line":7,"column":815}}],"line":7},"18":{"loc":{"start":{"line":7,"column":949},"end":{"line":7,"column":981}},"type":"binary-expr","locations":[{"start":{"line":7,"column":949},"end":{"line":7,"column":959}},{"start":{"line":7,"column":961},"end":{"line":7,"column":981}}],"line":7},"19":{"loc":{"start":{"line":7,"column":1063},"end":{"line":7,"column":1172}},"type":"if","locations":[{"start":{"line":7,"column":1063},"end":{"line":7,"column":1172}},{"start":{"line":7,"column":1063},"end":{"line":7,"column":1172}}],"line":7},"20":{"loc":{"start":{"line":7,"column":1077},"end":{"line":7,"column":1171}},"type":"cond-expr","locations":[{"start":{"line":7,"column":1099},"end":{"line":7,"column":1141}},{"start":{"line":7,"column":1142},"end":{"line":7,"column":1171}}],"line":7},"21":{"loc":{"start":{"line":14,"column":126},"end":{"line":53,"column":50}},"type":"binary-expr","locations":[{"start":{"line":14,"column":126},"end":{"line":53,"column":42}},{"start":{"line":53,"column":44},"end":{"line":53,"column":50}}],"line":14},"22":{"loc":{"start":{"line":15,"column":101},"end":{"line":15,"column":154}},"type":"binary-expr","locations":[{"start":{"line":15,"column":101},"end":{"line":15,"column":120}},{"start":{"line":15,"column":122},"end":{"line":15,"column":154}}],"line":15},"23":{"loc":{"start":{"line":28,"column":0},"end":{"line":30,"column":1}},"type":"if","locations":[{"start":{"line":28,"column":0},"end":{"line":30,"column":1}},{"start":{"line":28,"column":0},"end":{"line":30,"column":1}}],"line":28}},"s":{"0":0,"1":0,"2":0,"3":0,"4":0,"5":0,"6":0,"7":0,"8":0,"9":0,"10":0,"11":0,"12":0,"13":0,"14":0,"15":0,"16":0,"17":0,"18":0,"19":0,"20":0,"21":0,"22":0,"23":0,"24":0,"25":0,"26":0,"27":0,"28":0,"29":0,"30":0,"31":0,"32":0,"33":0,"34":0,"35":0,"36":0,"37":0,"38":0,"39":0,"40":0,"41":0,"42":0,"43":0,"44":0,"45":0,"46":0,"47":0,"48":0,"49":0,"50":0,"51":0,"52":0,"53":0,"54":0,"55":0,"56":0,"57":0,"58":0,"59":0,"60":0,"61":0,"62":0,"63":0,"64":0,"65":0,"66":0,"67":0,"68":0,"69":0,"70":0,"71":0,"72":0},"f":{"0":0,"1":0,"2":0,"3":0,"4":0,"5":0,"6":0,"7":0,"8":0,"9":0,"10":0,"11":0,"12":0,"13":0,"14":0,"15":0,"16":0},"b":{"0":[0,0],"1":[0,0],"2":[0,0],"3":[0,0],"4":[0,0],"5":[0,0],"6":[0,0],"7":[0,0],"8":[0,0],"9":[0,0],"10":[0,0],"11":[0,0],"12":[0,0],"13":[0,0],"14":[0,0],"15":[0,0,0],"16":[0,0],"17":[0,0],"18":[0,0],"19":[0,0],"20":[0,0],"21":[0,0],"22":[0,0],"23":[0,0]}}
,"/Users/nicolasjustiniano/Workspace/thoughtworks/Grillo-App/src/containers/Home.js": {"path":"/Users/nicolasjustiniano/Workspace/thoughtworks/Grillo-App/src/containers/Home.js","statementMap":{"0":{"start":{"line":1,"column":0},"end":{"line":1,"column":57}},"1":{"start":{"line":1,"column":57},"end":{"line":1,"column":83}},"2":{"start":{"line":1,"column":100},"end":{"line":1,"column":592}},"3":{"start":{"line":1,"column":151},"end":{"line":1,"column":393}},"4":{"start":{"line":1,"column":198},"end":{"line":1,"column":206}},"5":{"start":{"line":1,"column":207},"end":{"line":1,"column":258}},"6":{"start":{"line":1,"column":258},"end":{"line":1,"column":287}},"7":{"start":{"line":1,"column":287},"end":{"line":1,"column":336}},"8":{"start":{"line":1,"column":311},"end":{"line":1,"column":336}},"9":{"start":{"line":1,"column":336},"end":{"line":1,"column":392}},"10":{"start":{"line":1,"column":394},"end":{"line":1,"column":589}},"11":{"start":{"line":1,"column":446},"end":{"line":1,"column":511}},"12":{"start":{"line":1,"column":460},"end":{"line":1,"column":511}},"13":{"start":{"line":1,"column":511},"end":{"line":1,"column":568}},"14":{"start":{"line":1,"column":526},"end":{"line":1,"column":568}},"15":{"start":{"line":1,"column":568},"end":{"line":1,"column":587}},"16":{"start":{"line":1,"column":636},"end":{"line":1,"column":846}},"17":{"start":{"line":1,"column":668},"end":{"line":1,"column":831}},"18":{"start":{"line":1,"column":715},"end":{"line":1,"column":727}},"19":{"start":{"line":1,"column":728},"end":{"line":1,"column":830}},"20":{"start":{"line":1,"column":751},"end":{"line":1,"column":829}},"21":{"start":{"line":1,"column":804},"end":{"line":1,"column":828}},"22":{"start":{"line":1,"column":831},"end":{"line":1,"column":845}},"23":{"start":{"line":1,"column":858},"end":{"line":1,"column":874}},"24":{"start":{"line":1,"column":887},"end":{"line":1,"column":917}},"25":{"start":{"line":2,"column":11},"end":{"line":2,"column":27}},"26":{"start":{"line":3,"column":16},"end":{"line":3,"column":38}},"27":{"start":{"line":4,"column":15},"end":{"line":4,"column":36}},"28":{"start":{"line":4,"column":53},"end":{"line":4,"column":87}},"29":{"start":{"line":5,"column":15},"end":{"line":5,"column":35}},"30":{"start":{"line":5,"column":52},"end":{"line":5,"column":86}},"31":{"start":{"line":6,"column":17},"end":{"line":6,"column":40}},"32":{"start":{"line":7,"column":25},"end":{"line":7,"column":57}},"33":{"start":{"line":8,"column":24},"end":{"line":8,"column":55}},"34":{"start":{"line":8,"column":81},"end":{"line":8,"column":124}},"35":{"start":{"line":9,"column":15},"end":{"line":9,"column":51}},"36":{"start":{"line":9,"column":68},"end":{"line":9,"column":102}},"37":{"start":{"line":10,"column":12},"end":{"line":10,"column":40}},"38":{"start":{"line":10,"column":58},"end":{"line":10,"column":90}},"39":{"start":{"line":11,"column":19},"end":{"line":11,"column":54}},"40":{"start":{"line":11,"column":79},"end":{"line":11,"column":118}},"41":{"start":{"line":12,"column":12},"end":{"line":12,"column":41}},"42":{"start":{"line":13,"column":8},"end":{"line":13,"column":21}},"43":{"start":{"line":13,"column":60},"end":{"line":13,"column":255}},"44":{"start":{"line":13,"column":84},"end":{"line":13,"column":95}},"45":{"start":{"line":13,"column":112},"end":{"line":13,"column":114}},"46":{"start":{"line":13,"column":115},"end":{"line":13,"column":221}},"47":{"start":{"line":13,"column":129},"end":{"line":13,"column":220}},"48":{"start":{"line":13,"column":149},"end":{"line":13,"column":219}},"49":{"start":{"line":13,"column":198},"end":{"line":13,"column":219}},"50":{"start":{"line":13,"column":221},"end":{"line":13,"column":240}},"51":{"start":{"line":13,"column":240},"end":{"line":13,"column":254}},"52":{"start":{"line":13,"column":293},"end":{"line":13,"column":338}},"53":{"start":{"line":13,"column":386},"end":{"line":13,"column":483}},"54":{"start":{"line":13,"column":425},"end":{"line":13,"column":482}},"55":{"start":{"line":13,"column":531},"end":{"line":13,"column":628}},"56":{"start":{"line":13,"column":541},"end":{"line":13,"column":627}},"57":{"start":{"line":13,"column":628},"end":{"line":13,"column":702}},"58":{"start":{"line":13,"column":743},"end":{"line":13,"column":896}},"59":{"start":{"line":13,"column":797},"end":{"line":13,"column":895}},"60":{"start":{"line":13,"column":896},"end":{"line":13,"column":1043}},"61":{"start":{"line":13,"column":1043},"end":{"line":13,"column":1152}},"62":{"start":{"line":13,"column":1057},"end":{"line":13,"column":1152}},"63":{"start":{"line":16,"column":8},"end":{"line":16,"column":45}},"64":{"start":{"line":18,"column":11},"end":{"line":64,"column":37}},"65":{"start":{"line":73,"column":6},"end":{"line":140,"column":121}},"66":{"start":{"line":73,"column":51},"end":{"line":73,"column":79}},"67":{"start":{"line":73,"column":100},"end":{"line":73,"column":192}},"68":{"start":{"line":73,"column":243},"end":{"line":73,"column":270}},"69":{"start":{"line":78,"column":21},"end":{"line":78,"column":48}},"70":{"start":{"line":78,"column":58},"end":{"line":79,"column":7}},"71":{"start":{"line":79,"column":8},"end":{"line":88,"column":2}},"72":{"start":{"line":87,"column":0},"end":{"line":87,"column":23}},"73":{"start":{"line":88,"column":2},"end":{"line":92,"column":2}},"74":{"start":{"line":91,"column":0},"end":{"line":91,"column":27}},"75":{"start":{"line":92,"column":2},"end":{"line":96,"column":2}},"76":{"start":{"line":95,"column":0},"end":{"line":95,"column":44}},"77":{"start":{"line":96,"column":2},"end":{"line":114,"column":2}},"78":{"start":{"line":99,"column":18},"end":{"line":99,"column":75}},"79":{"start":{"line":100,"column":0},"end":{"line":104,"column":46}},"80":{"start":{"line":101,"column":0},"end":{"line":104,"column":46}},"81":{"start":{"line":107,"column":0},"end":{"line":110,"column":148}},"82":{"start":{"line":110,"column":35},"end":{"line":110,"column":142}},"83":{"start":{"line":114,"column":16},"end":{"line":114,"column":31}},"84":{"start":{"line":114,"column":48},"end":{"line":114,"column":69}},"85":{"start":{"line":114,"column":70},"end":{"line":114,"column":128}},"86":{"start":{"line":114,"column":102},"end":{"line":114,"column":126}},"87":{"start":{"line":114,"column":128},"end":{"line":114,"column":194}},"88":{"start":{"line":114,"column":164},"end":{"line":114,"column":192}},"89":{"start":{"line":114,"column":194},"end":{"line":114,"column":207}},"90":{"start":{"line":114,"column":208},"end":{"line":140,"column":5}},"91":{"start":{"line":115,"column":12},"end":{"line":115,"column":16}},"92":{"start":{"line":116,"column":0},"end":{"line":137,"column":67}},"93":{"start":{"line":122,"column":27},"end":{"line":122,"column":54}},"94":{"start":{"line":131,"column":27},"end":{"line":131,"column":78}},"95":{"start":{"line":140,"column":5},"end":{"line":140,"column":17}},"96":{"start":{"line":140,"column":123},"end":{"line":140,"column":144}}},"fnMap":{"0":{"name":"(anonymous_0)","decl":{"start":{"line":1,"column":100},"end":{"line":1,"column":101}},"loc":{"start":{"line":1,"column":110},"end":{"line":1,"column":590}},"line":1},"1":{"name":"defineProperties","decl":{"start":{"line":1,"column":120},"end":{"line":1,"column":136}},"loc":{"start":{"line":1,"column":150},"end":{"line":1,"column":394}},"line":1},"2":{"name":"(anonymous_2)","decl":{"start":{"line":1,"column":401},"end":{"line":1,"column":402}},"loc":{"start":{"line":1,"column":445},"end":{"line":1,"column":588}},"line":1},"3":{"name":"(anonymous_3)","decl":{"start":{"line":1,"column":651},"end":{"line":1,"column":652}},"loc":{"start":{"line":1,"column":667},"end":{"line":1,"column":846}},"line":1},"4":{"name":"_interopRequireWildcard","decl":{"start":{"line":13,"column":31},"end":{"line":13,"column":54}},"loc":{"start":{"line":13,"column":59},"end":{"line":13,"column":256}},"line":13},"5":{"name":"_interopRequireDefault","decl":{"start":{"line":13,"column":265},"end":{"line":13,"column":287}},"loc":{"start":{"line":13,"column":292},"end":{"line":13,"column":339}},"line":13},"6":{"name":"_classCallCheck","decl":{"start":{"line":13,"column":348},"end":{"line":13,"column":363}},"loc":{"start":{"line":13,"column":385},"end":{"line":13,"column":484}},"line":13},"7":{"name":"_possibleConstructorReturn","decl":{"start":{"line":13,"column":493},"end":{"line":13,"column":519}},"loc":{"start":{"line":13,"column":530},"end":{"line":13,"column":703}},"line":13},"8":{"name":"_inherits","decl":{"start":{"line":13,"column":712},"end":{"line":13,"column":721}},"loc":{"start":{"line":13,"column":742},"end":{"line":13,"column":1153}},"line":13},"9":{"name":"(anonymous_9)","decl":{"start":{"line":73,"column":35},"end":{"line":73,"column":36}},"loc":{"start":{"line":73,"column":50},"end":{"line":73,"column":80}},"line":73},"10":{"name":"(anonymous_10)","decl":{"start":{"line":73,"column":81},"end":{"line":73,"column":82}},"loc":{"start":{"line":73,"column":99},"end":{"line":73,"column":193}},"line":73},"11":{"name":"(anonymous_11)","decl":{"start":{"line":73,"column":222},"end":{"line":73,"column":223}},"loc":{"start":{"line":73,"column":242},"end":{"line":140,"column":18}},"line":73},"12":{"name":"Home","decl":{"start":{"line":78,"column":9},"end":{"line":78,"column":13}},"loc":{"start":{"line":78,"column":20},"end":{"line":114,"column":208}},"line":78},"13":{"name":"(anonymous_13)","decl":{"start":{"line":86,"column":12},"end":{"line":86,"column":13}},"loc":{"start":{"line":86,"column":27},"end":{"line":88,"column":1}},"line":86},"14":{"name":"(anonymous_14)","decl":{"start":{"line":90,"column":18},"end":{"line":90,"column":19}},"loc":{"start":{"line":90,"column":31},"end":{"line":92,"column":1}},"line":90},"15":{"name":"(anonymous_15)","decl":{"start":{"line":94,"column":11},"e
[...]
ne":13,"column":743},"end":{"line":13,"column":896}},{"start":{"line":13,"column":743},"end":{"line":13,"column":896}}],"line":13},"17":{"loc":{"start":{"line":13,"column":746},"end":{"line":13,"column":795}},"type":"binary-expr","locations":[{"start":{"line":13,"column":746},"end":{"line":13,"column":776}},{"start":{"line":13,"column":778},"end":{"line":13,"column":795}}],"line":13},"18":{"loc":{"start":{"line":13,"column":929},"end":{"line":13,"column":961}},"type":"binary-expr","locations":[{"start":{"line":13,"column":929},"end":{"line":13,"column":939}},{"start":{"line":13,"column":941},"end":{"line":13,"column":961}}],"line":13},"19":{"loc":{"start":{"line":13,"column":1043},"end":{"line":13,"column":1152}},"type":"if","locations":[{"start":{"line":13,"column":1043},"end":{"line":13,"column":1152}},{"start":{"line":13,"column":1043},"end":{"line":13,"column":1152}}],"line":13},"20":{"loc":{"start":{"line":13,"column":1057},"end":{"line":13,"column":1151}},"type":"cond-expr","locations":[{"start":{"line":13,"column":1079},"end":{"line":13,"column":1121}},{"start":{"line":13,"column":1122},"end":{"line":13,"column":1151}}],"line":13},"21":{"loc":{"start":{"line":73,"column":195},"end":{"line":140,"column":121}},"type":"binary-expr","locations":[{"start":{"line":73,"column":195},"end":{"line":140,"column":113}},{"start":{"line":140,"column":115},"end":{"line":140,"column":121}}],"line":73},"22":{"loc":{"start":{"line":78,"column":91},"end":{"line":78,"column":134}},"type":"binary-expr","locations":[{"start":{"line":78,"column":91},"end":{"line":78,"column":105}},{"start":{"line":78,"column":107},"end":{"line":78,"column":134}}],"line":78},"23":{"loc":{"start":{"line":100,"column":0},"end":{"line":104,"column":46}},"type":"if","locations":[{"start":{"line":100,"column":0},"end":{"line":104,"column":46}},{"start":{"line":100,"column":0},"end":{"line":104,"column":46}}],"line":100}},"s":{"0":0,"1":0,"2":0,"3":0,"4":0,"5":0,"6":0,"7":0,"8":0,"9":0,"10":0,"11":0,"12":0,"13":0,"14":0,"15":0,"16":0,"17":0,"18":0,"19":0,"20":0,"21":0,"22":0,"23":0,"24":0,"25":0,"26":0,"27":0,"28":0,"29":0,"30":0,"31":0,"32":0,"33":0,"34":0,"35":0,"36":0,"37":0,"38":0,"39":0,"40":0,"41":0,"42":0,"43":0,"44":0,"45":0,"46":0,"47":0,"48":0,"49":0,"50":0,"51":0,"52":0,"53":0,"54":0,"55":0,"56":0,"57":0,"58":0,"59":0,"60":0,"61":0,"62":0,"63":0,"64":0,"65":0,"66":0,"67":0,"68":0,"69":0,"70":0,"71":0,"72":0,"73":0,"74":0,"75":0,"76":0,"77":0,"78":0,"79":0,"80":0,"81":0,"82":0,"83":0,"84":0,"85":0,"86":0,"87":0,"88":0,"89":0,"90":0,"91":0,"92":0,"93":0,"94":0,"95":0,"96":0},"f":{"0":0,"1":0,"2":0,"3":0,"4":0,"5":0,"6":0,"7":0,"8":0,"9":0,"10":0,"11":0,"12":0,"13":0,"14":0,"15":0,"16":0,"17":0,"18":0,"19":0,"20":0,"21":0,"22":0},"b":{"0":[0,0],"1":[0,0],"2":[0,0],"3":[0,0],"4":[0,0],"5":[0,0],"6":[0,0],"7":[0,0],"8":[0,0],"9":[0,0],"10":[0,0],"11":[0,0],"12":[0,0],"13":[0,0],"14":[0,0],"15":[0,0,0],"16":[0,0],"17":[0,0],"18":[0,0],"19":[0,0],"20":[0,0],"21":[0,0],"22":[0,0],"23":[0,0]}}
,"/Users/nicolasjustiniano/Workspace/thoughtworks/Grillo-App/src/containers/NotificationCenter.js": {"path":"/Users/nicolasjustiniano/Workspace/thoughtworks/Grillo-App/src/containers/NotificationCenter.js","statementMap":{"0":{"start":{"line":16,"column":4},"end":{"line":16,"column":17}},"1":{"start":{"line":17,"column":4},"end":{"line":19,"column":5}},"2":{"start":{"line":23,"column":18},"end":{"line":23,"column":47}},"3":{"start":{"line":24,"column":4},"end":{"line":25,"column":37}},"4":{"start":{"line":25,"column":6},"end":{"line":25,"column":37}},"5":{"start":{"line":29,"column":4},"end":{"line":29,"column":28}},"6":{"start":{"line":30,"column":4},"end":{"line":30,"column":26}},"7":{"start":{"line":34,"column":20},"end":{"line":34,"column":30}},"8":{"start":{"line":35,"column":30},"end":{"line":35,"column":40}},"9":{"start":{"line":37,"column":4},"end":{"line":37,"column":31}},"10":{"start":{"line":10,"column":12},"end":{"line":10,"column":50}},"11":{"start":{"line":11,"column":14},"end":{"line":11,"column":63}}},"fnMap":{"0":{"name":"(anonymous_0)","decl":{"start":{"line":15,"column":2},"end":{"line":15,"column":3}},"loc":{"start":{"line":15,"column":21},"end":{"line":20,"column":3}},"line":15},"1":{"name":"(anonymous_1)","decl":{"start":{"line":22,"column":2},"end":{"line":22,"column":3}},"loc":{"start":{"line":22,"column":39},"end":{"line":26,"column":3}},"line":22},"2":{"name":"(anonymous_2)","decl":{"start":{"line":28,"column":2},"end":{"line":28,"column":3}},"loc":{"start":{"line":28,"column":24},"end":{"line":31,"column":3}},"line":28},"3":{"name":"(anonymous_3)","decl":{"start":{"line":33,"column":2},"end":{"line":33,"column":3}},"loc":{"start":{"line":33,"column":11},"end":{"line":38,"column":3}},"line":33},"4":{"name":"(anonymous_4)","decl":{"start":{"line":10,"column":2},"end":{"line":10,"column":3}},"loc":{"start":{"line":10,"column":12},"end":{"line":10,"column":50}},"line":10},"5":{"name":"(anonymous_5)","decl":{"start":{"line":11,"column":2},"end":{"line":11,"column":3}},"loc":{"start":{"line":11,"column":14},"end":{"line":11,"column":63}},"line":11}},"branchMap":{"0":{"loc":{"start":{"line":24,"column":4},"end":{"line":25,"column":37}},"type":"if","locations":[{"start":{"line":24,"column":4},"end":{"line":25,"column":37}},{"start":{"line":24,"column":4},"end":{"line":25,"column":37}}],"line":24}},"s":{"0":0,"1":0,"2":0,"3":0,"4":0,"5":0,"6":0,"7":0,"8":0,"9":0,"10":1,"11":1},"f":{"0":0,"1":0,"2":0,"3":0,"4":1,"5":1},"b":{"0":[0,0]},"_coverageSchema":"332fd63041d2c1bcb487cc26dd0d5f7d97098a6c","hash":"7a510c2274558a98e96ac15dc77232f941ed6113"}
,"/Users/nicolasjustiniano/Workspace/thoughtworks/Grillo-App/src/helpers/arrayMethods.js": {"path":"/Users/nicolasjustiniano/Workspace/thoughtworks/Grillo-App/src/helpers/arrayMethods.js","statementMap":{"0":{"start":{"line":7,"column":17},"end":{"line":7,"column":30}},"1":{"start":{"line":8,"column":2},"end":{"line":8,"column":50}},"2":{"start":{"line":9,"column":2},"end":{"line":9,"column":18}},"3":{"start":{"line":13,"column":2},"end":{"line":24,"column":5}},"4":{"start":{"line":14,"column":6},"end":{"line":17,"column":7}},"5":{"start":{"line":16,"column":10},"end":{"line":16,"column":22}},"6":{"start":{"line":20,"column":6},"end":{"line":23,"column":8}}},"fnMap":{"0":{"name":"insertItem","decl":{"start":{"line":6,"column":16},"end":{"line":6,"column":26}},"loc":{"start":{"line":6,"column":43},"end":{"line":10,"column":1}},"line":6},"1":{"name":"updateObjectInArray","decl":{"start":{"line":12,"column":16},"end":{"line":12,"column":35}},"loc":{"start":{"line":12,"column":51},"end":{"line":25,"column":1}},"line":12},"2":{"name":"(anonymous_2)","decl":{"start":{"line":13,"column":20},"end":{"line":13,"column":21}},"loc":{"start":{"line":13,"column":37},"end":{"line":24,"column":3}},"line":13}},"branchMap":{"0":{"loc":{"start":{"line":14,"column":6},"end":{"line":17,"column":7}},"type":"if","locations":[{"start":{"line":14,"column":6},"end":{"line":17,"column":7}},{"start":{"line":14,"column":6},"end":{"line":17,"column":7}}],"line":14}},"s":{"0":0,"1":0,"2":0,"3":0,"4":0,"5":0,"6":0},"f":{"0":0,"1":0,"2":0},"b":{"0":[0,0]},"_coverageSchema":"332fd63041d2c1bcb487cc26dd0d5f7d97098a6c","hash":"6e978ffe9ac08a8fe86c4dd3586a03b1fa825fcc"}
,"/Users/nicolasjustiniano/Workspace/thoughtworks/Grillo-App/src/helpers/fontMaker.js": {"path":"/Users/nicolasjustiniano/Workspace/thoughtworks/Grillo-App/src/helpers/fontMaker.js","statementMap":{"0":{"start":{"line":6,"column":13},"end":{"line":19,"column":3}},"1":{"start":{"line":22,"column":27},"end":{"line":50,"column":3}},"2":{"start":{"line":23,"column":36},"end":{"line":27,"column":15}},"3":{"start":{"line":29,"column":32},"end":{"line":29,"column":44}},"4":{"start":{"line":31,"column":4},"end":{"line":49,"column":5}},"5":{"start":{"line":32,"column":6},"end":{"line":32,"column":44}},"6":{"start":{"line":33,"column":6},"end":{"line":33,"column":40}},"7":{"start":{"line":35,"column":21},"end":{"line":35,"column":35}},"8":{"start":{"line":37,"column":6},"end":{"line":39,"column":7}},"9":{"start":{"line":41,"column":6},"end":{"line":41,"column":48}},"10":{"start":{"line":42,"column":6},"end":{"line":42,"column":39}},"11":{"start":{"line":44,"column":6},"end":{"line":48,"column":7}}},"fnMap":{"0":{"name":"(anonymous_0)","decl":{"start":{"line":22,"column":27},"end":{"line":22,"column":28}},"loc":{"start":{"line":22,"column":45},"end":{"line":50,"column":3}},"line":22}},"branchMap":{"0":{"loc":{"start":{"line":22,"column":28},"end":{"line":22,"column":40}},"type":"default-arg","locations":[{"start":{"line":22,"column":38},"end":{"line":22,"column":40}}],"line":22},"1":{"loc":{"start":{"line":31,"column":4},"end":{"line":49,"column":5}},"type":"if","locations":[{"start":{"line":31,"column":4},"end":{"line":49,"column":5}},{"start":{"line":31,"column":4},"end":{"line":49,"column":5}}],"line":31},"2":{"loc":{"start":{"line":32,"column":15},"end":{"line":32,"column":44}},"type":"cond-expr","locations":[{"start":{"line":32,"column":33},"end":{"line":32,"column":39}},{"start":{"line":32,"column":42},"end":{"line":32,"column":44}}],"line":32},"3":{"loc":{"start":{"line":33,"column":14},"end":{"line":33,"column":40}},"type":"cond-expr","locations":[{"start":{"line":33,"column":30},"end":{"line":33,"column":35}},{"start":{"line":33,"column":38},"end":{"line":33,"column":40}}],"line":33},"4":{"loc":{"start":{"line":38,"column":30},"end":{"line":38,"column":63}},"type":"cond-expr","locations":[{"start":{"line":38,"column":46},"end":{"line":38,"column":58}},{"start":{"line":38,"column":61},"end":{"line":38,"column":63}}],"line":38},"5":{"loc":{"start":{"line":41,"column":15},"end":{"line":41,"column":48}},"type":"binary-expr","locations":[{"start":{"line":41,"column":15},"end":{"line":41,"column":30}},{"start":{"line":41,"column":34},"end":{"line":41,"column":48}}],"line":41},"6":{"loc":{"start":{"line":42,"column":14},"end":{"line":42,"column":39}},"type":"binary-expr","locations":[{"start":{"line":42,"column":14},"end":{"line":42,"column":27}},{"start":{"line":42,"column":31},"end":{"line":42,"column":39}}],"line":42}},"s":{"0":1,"1":1,"2":2,"3":2,"4":2,"5":0,"6":0,"7":0,"8":0,"9":2,"10":2,"11":2},"f":{"0":2},"b":{"0":[0],"1":[0,2],"2":[0,0],"3":[0,0],"4":[0,0],"5":[2,0],"6":[2,2]},"_coverageSchema":"332fd63041d2c1bcb487cc26dd0d5f7d97098a6c","hash":"7d852871c28630e4ff6e964b9c331de74a5f942f"}
,"/Users/nicolasjustiniano/Workspace/thoughtworks/Grillo-App/src/reducers/habits.js": {"path":"/Users/nicolasjustiniano/Workspace/thoughtworks/Grillo-App/src/reducers/habits.js","statementMap":{"0":{"start":{"line":1,"column":0},"end":{"line":1,"column":57}},"1":{"start":{"line":1,"column":57},"end":{"line":1,"column":88}},"2":{"start":{"line":2,"column":15},"end":{"line":2,"column":35}},"3":{"start":{"line":2,"column":52},"end":{"line":2,"column":86}},"4":{"start":{"line":3,"column":11},"end":{"line":3,"column":42}},"5":{"start":{"line":4,"column":18},"end":{"line":4,"column":54}},"6":{"start":{"line":4,"column":92},"end":{"line":4,"column":137}},"7":{"start":{"line":6,"column":17},"end":{"line":7,"column":11}},"8":{"start":{"line":7,"column":12},"end":{"line":29,"column":2}},"9":{"start":{"line":12,"column":21},"end":{"line":12,"column":91}},"10":{"start":{"line":12,"column":103},"end":{"line":12,"column":115}},"11":{"start":{"line":13,"column":14},"end":{"line":13,"column":58}},"12":{"start":{"line":14,"column":0},"end":{"line":26,"column":14}},"13":{"start":{"line":16,"column":0},"end":{"line":16,"column":20}},"14":{"start":{"line":18,"column":13},"end":{"line":18,"column":59}},"15":{"start":{"line":19,"column":0},"end":{"line":20,"column":23}},"16":{"start":{"line":22,"column":20},"end":{"line":22,"column":75}},"17":{"start":{"line":23,"column":0},"end":{"line":24,"column":30}},"18":{"start":{"line":26,"column":0},"end":{"line":26,"column":13}}},"fnMap":{"0":{"name":"_interopRequireDefault","decl":{"start":{"line":4,"column":64},"end":{"line":4,"column":86}},"loc":{"start":{"line":4,"column":91},"end":{"line":4,"column":138}},"line":4},"1":{"name":"(anonymous_1)","decl":{"start":{"line":12,"column":0},"end":{"line":12,"column":1}},"loc":{"start":{"line":12,"column":10},"end":{"line":29,"column":1}},"line":12}},"branchMap":{"0":{"loc":{"start":{"line":4,"column":99},"end":{"line":4,"column":136}},"type":"cond-expr","locations":[{"start":{"line":4,"column":119},"end":{"line":4,"column":122}},{"start":{"line":4,"column":123},"end":{"line":4,"column":136}}],"line":4},"1":{"loc":{"start":{"line":4,"column":99},"end":{"line":4,"column":118}},"type":"binary-expr","locations":[{"start":{"line":4,"column":99},"end":{"line":4,"column":102}},{"start":{"line":4,"column":104},"end":{"line":4,"column":118}}],"line":4},"2":{"loc":{"start":{"line":12,"column":21},"end":{"line":12,"column":91}},"type":"cond-expr","locations":[{"start":{"line":12,"column":66},"end":{"line":12,"column":78}},{"start":{"line":12,"column":79},"end":{"line":12,"column":91}}],"line":12},"3":{"loc":{"start":{"line":12,"column":21},"end":{"line":12,"column":65}},"type":"binary-expr","locations":[{"start":{"line":12,"column":21},"end":{"line":12,"column":39}},{"start":{"line":12,"column":41},"end":{"line":12,"column":65}}],"line":12},"4":{"loc":{"start":{"line":14,"column":0},"end":{"line":26,"column":14}},"type":"switch","locations":[{"start":{"line":15,"column":0},"end":{"line":16,"column":20}},{"start":{"line":17,"column":0},"end":{"line":20,"column":23}},{"start":{"line":21,"column":0},"end":{"line":24,"column":30}},{"start":{"line":25,"column":0},"end":{"line":26,"column":13}}],"line":14}},"s":{"0":0,"1":0,"2":0,"3":0,"4":0,"5":0,"6":0,"7":0,"8":0,"9":0,"10":0,"11":0,"12":0,"13":0,"14":0,"15":0,"16":0,"17":0,"18":0},"f":{"0":0,"1":0},"b":{"0":[0,0],"1":[0,0],"2":[0,0],"3":[0,0],"4":[0,0,0,0]}}
,"/Users/nicolasjustiniano/Workspace/thoughtworks/Grillo-App/src/reducers/index.js": {"path":"/Users/nicolasjustiniano/Workspace/thoughtworks/Grillo-App/src/reducers/index.js","statementMap":{"0":{"start":{"line":1,"column":0},"end":{"line":1,"column":57}},"1":{"start":{"line":1,"column":68},"end":{"line":1,"column":84}},"2":{"start":{"line":2,"column":9},"end":{"line":2,"column":25}},"3":{"start":{"line":2,"column":36},"end":{"line":2,"column":64}},"4":{"start":{"line":3,"column":12},"end":{"line":3,"column":31}},"5":{"start":{"line":3,"column":45},"end":{"line":3,"column":76}},"6":{"start":{"line":4,"column":19},"end":{"line":4,"column":45}},"7":{"start":{"line":4,"column":66},"end":{"line":4,"column":104}},"8":{"start":{"line":4,"column":142},"end":{"line":4,"column":187}},"9":{"start":{"line":4,"column":188},"end":{"line":9,"column":40}}},"fnMap":{"0":{"name":"_interopRequireDefault","decl":{"start":{"line":4,"column":114},"end":{"line":4,"column":136}},"loc":{"start":{"line":4,"column":141},"end":{"line":4,"column":188}},"line":4}},"branchMap":{"0":{"loc":{"start":{"line":4,"column":149},"end":{"line":4,"column":186}},"type":"cond-expr","locations":[{"start":{"line":4,"column":169},"end":{"line":4,"column":172}},{"start":{"line":4,"column":173},"end":{"line":4,"column":186}}],"line":4},"1":{"loc":{"start":{"line":4,"column":149},"end":{"line":4,"column":168}},"type":"binary-expr","locations":[{"start":{"line":4,"column":149},"end":{"line":4,"column":152}},{"start":{"line":4,"column":154},"end":{"line":4,"column":168}}],"line":4}},"s":{"0":0,"1":0,"2":0,"3":0,"4":0,"5":0,"6":0,"7":0,"8":0,"9":0},"f":{"0":0},"b":{"0":[0,0],"1":[0,0]}}
,"/Users/nicolasjustiniano/Workspace/thoughtworks/Grillo-App/src/reducers/nav.js": {"path":"/Users/nicolasjustiniano/Workspace/thoughtworks/Grillo-App/src/reducers/nav.js","statementMap":{"0":{"start":{"line":1,"column":0},"end":{"line":1,"column":57}},"1":{"start":{"line":1,"column":72},"end":{"line":1,"column":95}},"2":{"start":{"line":1,"column":112},"end":{"line":1,"column":146}},"3":{"start":{"line":1,"column":184},"end":{"line":1,"column":229}},"4":{"start":{"line":3,"column":17},"end":{"line":5,"column":39}},"5":{"start":{"line":5,"column":40},"end":{"line":9,"column":62}},"6":{"start":{"line":8,"column":21},"end":{"line":8,"column":91}},"7":{"start":{"line":8,"column":103},"end":{"line":8,"column":115}},"8":{"start":{"line":8,"column":116},"end":{"line":9,"column":60}}},"fnMap":{"0":{"name":"_interopRequireDefault","decl":{"start":{"line":1,"column":156},"end":{"line":1,"column":178}},"loc":{"start":{"line":1,"column":183},"end":{"line":1,"column":230}},"line":1},"1":{"name":"(anonymous_1)","decl":{"start":{"line":8,"column":0},"end":{"line":8,"column":1}},"loc":{"start":{"line":8,"column":10},"end":{"line":9,"column":61}},"line":8}},"branchMap":{"0":{"loc":{"start":{"line":1,"column":191},"end":{"line":1,"column":228}},"type":"cond-expr","locations":[{"start":{"line":1,"column":211},"end":{"line":1,"column":214}},{"start":{"line":1,"column":215},"end":{"line":1,"column":228}}],"line":1},"1":{"loc":{"start":{"line":1,"column":191},"end":{"line":1,"column":210}},"type":"binary-expr","locations":[{"start":{"line":1,"column":191},"end":{"line":1,"column":194}},{"start":{"line":1,"column":196},"end":{"line":1,"column":210}}],"line":1},"2":{"loc":{"start":{"line":8,"column":21},"end":{"line":8,"column":91}},"type":"cond-expr","locations":[{"start":{"line":8,"column":66},"end":{"line":8,"column":78}},{"start":{"line":8,"column":79},"end":{"line":8,"column":91}}],"line":8},"3":{"loc":{"start":{"line":8,"column":21},"end":{"line":8,"column":65}},"type":"binary-expr","locations":[{"start":{"line":8,"column":21},"end":{"line":8,"column":39}},{"start":{"line":8,"column":41},"end":{"line":8,"column":65}}],"line":8}},"s":{"0":0,"1":0,"2":0,"3":0,"4":0,"5":0,"6":0,"7":0,"8":0},"f":{"0":0,"1":0},"b":{"0":[0,0],"1":[0,0],"2":[0,0],"3":[0,0]}}
,"/Users/nicolasjustiniano/Workspace/thoughtworks/Grillo-App/src/reducers/notifications.js": {"path":"/Users/nicolasjustiniano/Workspace/thoughtworks/Grillo-App/src/reducers/notifications.js","statementMap":{"0":{"start":{"line":5,"column":28},"end":{"line":7,"column":1}},"1":{"start":{"line":12,"column":20},"end":{"line":12,"column":46}},"2":{"start":{"line":13,"column":2},"end":{"line":19,"column":3}},"3":{"start":{"line":15,"column":23},"end":{"line":15,"column":52}},"4":{"start":{"line":16,"column":6},"end":{"line":16,"column":22}},"5":{"start":{"line":18,"column":6},"end":{"line":18,"column":18}}},"fnMap":{"0":{"name":"(anonymous_0)","decl":{"start":{"line":11,"column":15},"end":{"line":11,"column":16}},"loc":{"start":{"line":11,"column":49},"end":{"line":20,"column":1}},"line":11}},"branchMap":{"0":{"loc":{"start":{"line":11,"column":16},"end":{"line":11,"column":36}},"type":"default-arg","locations":[{"start":{"line":11,"column":24},"end":{"line":11,"column":36}}],"line":11},"1":{"loc":{"start":{"line":13,"column":2},"end":{"line":19,"column":3}},"type":"switch","locations":[{"start":{"line":14,"column":4},"end":{"line":16,"column":22}},{"start":{"line":17,"column":4},"end":{"line":18,"column":18}}],"line":13}},"s":{"0":1,"1":3,"2":0,"3":0,"4":0,"5":0},"f":{"0":3},"b":{"0":[0],"1":[0,0]},"_coverageSchema":"332fd63041d2c1bcb487cc26dd0d5f7d97098a6c","hash":"e90266c15ac9fd699a8bfab5a2373fd5238572c5"}
,"/Users/nicolasjustiniano/Workspace/thoughtworks/Grillo-App/src/styles/common.js": {"path":"/Users/nicolasjustiniano/Workspace/thoughtworks/Grillo-App/src/styles/common.js","statementMap":{"0":{"start":{"line":5,"column":29},"end":{"line":5,"column":38}},"1":{"start":{"line":6,"column":31},"end":{"line":6,"column":40}},"2":{"start":{"line":7,"column":32},"end":{"line":7,"column":41}},"3":{"start":{"line":8,"column":27},"end":{"line":8,"column":60}},"4":{"start":{"line":9,"column":25},"end":{"line":9,"column":59}},"5":{"start":{"line":10,"column":29},"end":{"line":10,"column":31}}},"fnMap":{},"branchMap":{},"s":{"0":1,"1":1,"2":1,"3":1,"4":1,"5":1},"f":{},"b":{},"_coverageSchema":"332fd63041d2c1bcb487cc26dd0d5f7d97098a6c","hash":"42e078f76ccd1ce25f298f9b58939cdc7a214020"}
}
