TN:
SF:/Users/nicolasjustiniano/Workspace/Grillo-App/src/configureStore.js
FN:1,(anonymous_0)
FN:31,_interopRequireWildcard
FN:31,_interopRequireDefault
FN:31,configureStore
FN:38,(anonymous_4)
FN:43,(anonymous_5)
FNF:6
FNH:0
FNDA:0,(anonymous_0)
FNDA:0,_interopRequireWildcard
FNDA:0,_interopRequireDefault
FNDA:0,configureStore
FNDA:0,(anonymous_4)
FNDA:0,(anonymous_5)
DA:1,0
DA:31,0
DA:33,0
DA:35,0
DA:39,0
DA:42,0
DA:43,0
DA:44,0
DA:48,0
LF:9
LH:0
BRDA:1,0,0,0
BRDA:1,0,1,0
BRDA:1,1,0,0
BRDA:1,1,1,0
BRDA:31,2,0,0
BRDA:31,2,1,0
BRDA:31,3,0,0
BRDA:31,3,1,0
BRDA:31,4,0,0
BRDA:31,4,1,0
BRDA:31,5,0,0
BRDA:31,5,1,0
BRDA:31,6,0,0
BRDA:31,6,1,0
BRDA:31,7,0,0
BRDA:31,7,1,0
BRDA:31,8,0,0
BRDA:31,8,1,0
BRDA:31,9,0,0
BRDA:31,9,1,0
BRDA:42,10,0,0
BRDA:42,10,1,0
BRF:22
BRH:0
end_of_record
TN:
SF:/Users/nicolasjustiniano/Workspace/Grillo-App/src/index.js
FN:4,_interopRequireDefault
FN:8,(anonymous_1)
FNF:2
FNH:0
FNDA:0,_interopRequireDefault
FNDA:0,(anonymous_1)
DA:1,0
DA:2,0
DA:3,0
DA:4,0
DA:6,0
DA:8,0
LF:6
LH:0
BRDA:4,0,0,0
BRDA:4,0,1,0
BRDA:4,1,0,0
BRDA:4,1,1,0
BRF:4
BRH:0
end_of_record
TN:
SF:/Users/nicolasjustiniano/Workspace/Grillo-App/src/navigator.js
FN:5,_interopRequireDefault
FNF:1
FNH:0
FNDA:0,_interopRequireDefault
DA:1,0
DA:2,0
DA:3,0
DA:4,0
DA:5,0
DA:7,0
DA:15,0
LF:7
LH:0
BRDA:5,0,0,0
BRDA:5,0,1,0
BRDA:5,1,0,0
BRDA:5,1,1,0
BRF:4
BRH:0
end_of_record
TN:
SF:/Users/nicolasjustiniano/Workspace/Grillo-App/src/actions/habits.js
FN:4,addHabit
FN:13,stopHabit
FN:24,cleanHabits
FNF:3
FNH:1
FNDA:3,addHabit
FNDA:0,stopHabit
FNDA:0,cleanHabits
DA:5,3
DA:7,3
DA:14,0
DA:15,0
DA:16,0
DA:18,0
DA:26,0
LF:7
LH:2
BRF:0
BRH:0
end_of_record
TN:
SF:/Users/nicolasjustiniano/Workspace/Grillo-App/src/actions/notifications.js
FN:1,addNotification
FNF:1
FNH:1
FNDA:2,addNotification
DA:2,2
LF:1
LH:1
BRF:0
BRH:0
end_of_record
TN:
SF:/Users/nicolasjustiniano/Workspace/Grillo-App/src/components/Counter.js
FN:1,(anonymous_0)
FN:1,defineProperties
FN:1,(anonymous_2)
FN:6,_interopRequireDefault
FN:6,_classCallCheck
FN:6,_possibleConstructorReturn
FN:6,_inherits
FN:8,(anonymous_7)
FN:13,Counter
FN:28,(anonymous_9)
FN:42,(anonymous_10)
FN:51,componentDidMount
FN:51,(anonymous_12)
FN:51,componentWillUnmount
FN:51,render
FNF:15
FNH:0
FNDA:0,(anonymous_0)
FNDA:0,defineProperties
FNDA:0,(anonymous_2)
FNDA:0,_interopRequireDefault
FNDA:0,_classCallCheck
FNDA:0,_possibleConstructorReturn
FNDA:0,_inherits
FNDA:0,(anonymous_7)
FNDA:0,Counter
FNDA:0,(anonymous_9)
FNDA:0,(anonymous_10)
FNDA:0,componentDidMount
FNDA:0,(anonymous_12)
FNDA:0,componentWillUnmount
FNDA:0,render
DA:1,0
DA:2,0
DA:3,0
DA:4,0
DA:5,0
DA:6,0
DA:8,0
DA:13,0
DA:14,0
DA:29,0
DA:30,0
DA:31,0
DA:32,0
DA:33,0
DA:35,0
DA:36,0
DA:37,0
DA:38,0
DA:40,0
DA:43,0
DA:45,0
DA:47,0
DA:49,0
DA:51,0
DA:54,0
DA:55,0
DA:58,0
LF:27
LH:0
BRDA:1,0,0,0
BRDA:1,0,1,0
BRDA:1,1,0,0
BRDA:1,1,1,0
BRDA:1,2,0,0
BRDA:1,2,1,0
BRDA:1,3,0,0
BRDA:1,3,1,0
BRDA:6,4,0,0
BRDA:6,4,1,0
BRDA:6,5,0,0
BRDA:6,5,1,0
BRDA:6,6,0,0
BRDA:6,6,1,0
BRDA:6,7,0,0
BRDA:6,7,1,0
BRDA:6,8,0,0
BRDA:6,8,1,0
BRDA:6,9,0,0
BRDA:6,9,1,0
BRDA:6,9,2,0
BRDA:6,10,0,0
BRDA:6,10,1,0
BRDA:6,11,0,0
BRDA:6,11,1,0
BRDA:6,12,0,0
BRDA:6,12,1,0
BRDA:6,13,0,0
BRDA:6,13,1,0
BRDA:6,14,0,0
BRDA:6,14,1,0
BRDA:13,15,0,0
BRDA:13,15,1,0
BRDA:29,16,0,0
BRDA:29,16,1,0
BRDA:33,17,0,0
BRDA:33,17,1,0
BRDA:38,18,0,0
BRDA:38,18,1,0
BRDA:43,19,0,0
BRDA:43,19,1,0
BRDA:43,19,2,0
BRF:42
BRH:0
end_of_record
TN:
SF:/Users/nicolasjustiniano/Workspace/Grillo-App/src/components/HabitItem.js
FN:1,(anonymous_0)
FN:1,defineProperties
FN:1,(anonymous_2)
FN:6,_interopRequireDefault
FN:6,_classCallCheck
FN:6,_possibleConstructorReturn
FN:6,_inherits
FN:16,(anonymous_7)
FN:22,HabitItem
FN:33,(anonymous_9)
FN:37,(anonymous_10)
FN:43,onPress
FN:45,(anonymous_12)
FN:45,render
FNF:14
FNH:0
FNDA:0,(anonymous_0)
FNDA:0,defineProperties
FNDA:0,(anonymous_2)
FNDA:0,_interopRequireDefault
FNDA:0,_classCallCheck
FNDA:0,_possibleConstructorReturn
FNDA:0,_inherits
FNDA:0,(anonymous_7)
FNDA:0,HabitItem
FNDA:0,(anonymous_9)
FNDA:0,(anonymous_10)
FNDA:0,onPress
FNDA:0,(anonymous_12)
FNDA:0,render
DA:1,0
DA:2,0
DA:3,0
DA:4,0
DA:5,0
DA:6,0
DA:8,0
DA:16,0
DA:22,0
DA:23,0
DA:34,0
DA:35,0
DA:38,0
DA:43,0
DA:45,0
DA:48,0
DA:49,0
DA:56,0
LF:18
LH:0
BRDA:1,0,0,0
BRDA:1,0,1,0
BRDA:1,1,0,0
BRDA:1,1,1,0
BRDA:1,2,0,0
BRDA:1,2,1,0
BRDA:1,3,0,0
BRDA:1,3,1,0
BRDA:6,4,0,0
BRDA:6,4,1,0
BRDA:6,5,0,0
BRDA:6,5,1,0
BRDA:6,6,0,0
BRDA:6,6,1,0
BRDA:6,7,0,0
BRDA:6,7,1,0
BRDA:6,8,0,0
BRDA:6,8,1,0
BRDA:6,9,0,0
BRDA:6,9,1,0
BRDA:6,9,2,0
BRDA:6,10,0,0
BRDA:6,10,1,0
BRDA:6,11,0,0
BRDA:6,11,1,0
BRDA:6,12,0,0
BRDA:6,12,1,0
BRDA:6,13,0,0
BRDA:6,13,1,0
BRDA:6,14,0,0
BRDA:6,14,1,0
BRDA:22,15,0,0
BRDA:22,15,1,0
BRF:33
BRH:0
end_of_record
TN:
SF:/Users/nicolasjustiniano/Workspace/Grillo-App/src/constants/habit.js
FN:10,(anonymous_0)
FN:19,guid
FN:20,s4
FNF:3
FNH:3
FNDA:3,(anonymous_0)
FNDA:3,guid
FNDA:24,s4
DA:3,1
DA:11,3
DA:12,3
DA:13,3
DA:14,3
DA:15,3
DA:21,24
DA:25,3
LF:8
LH:8
BRF:0
BRH:0
end_of_record
TN:
SF:/Users/nicolasjustiniano/Workspace/Grillo-App/src/containers/AddHabit.js
FN:1,(anonymous_0)
FN:1,defineProperties
FN:1,(anonymous_2)
FN:1,(anonymous_3)
FN:9,_interopRequireWildcard
FN:9,_interopRequireDefault
FN:9,_classCallCheck
FN:9,_possibleConstructorReturn
FN:9,_inherits
FN:56,(anonymous_9)
FN:56,(anonymous_10)
FN:57,AddHabit
FN:68,(anonymous_12)
FN:83,(anonymous_13)
FN:87,(anonymous_14)
FN:91,(anonymous_15)
FN:93,(anonymous_16)
FN:93,render
FN:105,ref
FNF:19
FNH:0
FNDA:0,(anonymous_0)
FNDA:0,defineProperties
FNDA:0,(anonymous_2)
FNDA:0,(anonymous_3)
FNDA:0,_interopRequireWildcard
FNDA:0,_interopRequireDefault
FNDA:0,_classCallCheck
FNDA:0,_possibleConstructorReturn
FNDA:0,_inherits
FNDA:0,(anonymous_9)
FNDA:0,(anonymous_10)
FNDA:0,AddHabit
FNDA:0,(anonymous_12)
FNDA:0,(anonymous_13)
FNDA:0,(anonymous_14)
FNDA:0,(anonymous_15)
FNDA:0,(anonymous_16)
FNDA:0,render
FNDA:0,ref
DA:1,0
DA:2,0
DA:3,0
DA:4,0
DA:5,0
DA:6,0
DA:7,0
DA:8,0
DA:9,0
DA:11,0
DA:56,0
DA:57,0
DA:58,0
DA:69,0
DA:70,0
DA:73,0
DA:74,0
DA:75,0
DA:81,0
DA:84,0
DA:85,0
DA:88,0
DA:89,0
DA:92,0
DA:93,0
DA:95,0
DA:96,0
DA:97,0
DA:105,0
DA:126,0
DA:129,0
LF:31
LH:0
BRDA:1,0,0,0
BRDA:1,0,1,0
BRDA:1,1,0,0
BRDA:1,1,1,0
BRDA:1,2,0,0
BRDA:1,2,1,0
BRDA:1,3,0,0
BRDA:1,3,1,0
BRDA:1,4,0,0
BRDA:1,4,1,0
BRDA:1,5,0,0
BRDA:1,5,1,0
BRDA:9,6,0,0
BRDA:9,6,1,0
BRDA:9,7,0,0
BRDA:9,7,1,0
BRDA:9,8,0,0
BRDA:9,8,1,0
BRDA:9,9,0,0
BRDA:9,9,1,0
BRDA:9,10,0,0
BRDA:9,10,1,0
BRDA:9,11,0,0
BRDA:9,11,1,0
BRDA:9,12,0,0
BRDA:9,12,1,0
BRDA:9,13,0,0
BRDA:9,13,1,0
BRDA:9,14,0,0
BRDA:9,14,1,0
BRDA:9,15,0,0
BRDA:9,15,1,0
BRDA:9,15,2,0
BRDA:9,16,0,0
BRDA:9,16,1,0
BRDA:9,17,0,0
BRDA:9,17,1,0
BRDA:9,18,0,0
BRDA:9,18,1,0
BRDA:9,19,0,0
BRDA:9,19,1,0
BRDA:9,20,0,0
BRDA:9,20,1,0
BRDA:56,21,0,0
BRDA:56,21,1,0
BRDA:57,22,0,0
BRDA:57,22,1,0
BRDA:69,23,0,0
BRDA:69,23,1,0
BRDA:104,24,0,0
BRDA:104,24,1,0
BRDA:108,25,0,0
BRDA:108,25,1,0
BRF:53
BRH:0
end_of_record
TN:
SF:/Users/nicolasjustiniano/Workspace/Grillo-App/src/containers/App.js
FN:1,(anonymous_0)
FN:1,defineProperties
FN:1,(anonymous_2)
FN:6,_interopRequireDefault
FN:6,_classCallCheck
FN:6,_possibleConstructorReturn
FN:6,_inherits
FN:13,(anonymous_7)
FN:13,(anonymous_8)
FN:13,(anonymous_9)
FN:13,AppWithNavigationState
FN:13,componentDidMount
FN:20,(anonymous_12)
FN:24,componentWillUnmount
FN:28,render
FNF:15
FNH:0
FNDA:0,(anonymous_0)
FNDA:0,defineProperties
FNDA:0,(anonymous_2)
FNDA:0,_interopRequireDefault
FNDA:0,_classCallCheck
FNDA:0,_possibleConstructorReturn
FNDA:0,_inherits
FNDA:0,(anonymous_7)
FNDA:0,(anonymous_8)
FNDA:0,(anonymous_9)
FNDA:0,AppWithNavigationState
FNDA:0,componentDidMount
FNDA:0,(anonymous_12)
FNDA:0,componentWillUnmount
FNDA:0,render
DA:1,0
DA:2,0
DA:3,0
DA:4,0
DA:5,0
DA:6,0
DA:13,0
DA:19,0
DA:20,0
DA:21,0
DA:22,0
DA:27,0
DA:31,0
DA:32,0
DA:33,0
LF:15
LH:0
BRDA:1,0,0,0
BRDA:1,0,1,0
BRDA:1,1,0,0
BRDA:1,1,1,0
BRDA:1,2,0,0
BRDA:1,2,1,0
BRDA:1,3,0,0
BRDA:1,3,1,0
BRDA:6,4,0,0
BRDA:6,4,1,0
BRDA:6,5,0,0
BRDA:6,5,1,0
BRDA:6,6,0,0
BRDA:6,6,1,0
BRDA:6,7,0,0
BRDA:6,7,1,0
BRDA:6,8,0,0
BRDA:6,8,1,0
BRDA:6,9,0,0
BRDA:6,9,1,0
BRDA:6,9,2,0
BRDA:6,10,0,0
BRDA:6,10,1,0
BRDA:6,11,0,0
BRDA:6,11,1,0
BRDA:6,12,0,0
BRDA:6,12,1,0
BRDA:6,13,0,0
BRDA:6,13,1,0
BRDA:6,14,0,0
BRDA:6,14,1,0
BRDA:13,15,0,0
BRDA:13,15,1,0
BRDA:13,16,0,0
BRDA:13,16,1,0
BRF:35
BRH:0
end_of_record
TN:
SF:/Users/nicolasjustiniano/Workspace/Grillo-App/src/containers/AppHeader.js
FN:1,(anonymous_0)
FN:1,(anonymous_1)
FN:1,defineProperties
FN:1,(anonymous_3)
FN:7,_interopRequireWildcard
FN:7,_interopRequireDefault
FN:7,_classCallCheck
FN:7,_possibleConstructorReturn
FN:7,_inherits
FN:14,(anonymous_9)
FN:14,(anonymous_10)
FN:15,AppHeader
FN:26,(anonymous_12)
FN:27,(anonymous_13)
FN:34,(anonymous_14)
FN:34,deleteButton
FN:42,render
FNF:17
FNH:0
FNDA:0,(anonymous_0)
FNDA:0,(anonymous_1)
FNDA:0,defineProperties
FNDA:0,(anonymous_3)
FNDA:0,_interopRequireWildcard
FNDA:0,_interopRequireDefault
FNDA:0,_classCallCheck
FNDA:0,_possibleConstructorReturn
FNDA:0,_inherits
FNDA:0,(anonymous_9)
FNDA:0,(anonymous_10)
FNDA:0,AppHeader
FNDA:0,(anonymous_12)
FNDA:0,(anonymous_13)
FNDA:0,(anonymous_14)
FNDA:0,deleteButton
FNDA:0,render
DA:1,0
DA:2,0
DA:3,0
DA:4,0
DA:5,0
DA:6,0
DA:7,0
DA:14,0
DA:15,0
DA:16,0
DA:27,0
DA:28,0
DA:29,0
DA:33,0
DA:34,0
DA:37,0
DA:45,0
DA:53,0
LF:18
LH:0
BRDA:1,0,0,0
BRDA:1,0,1,0
BRDA:1,1,0,0
BRDA:1,1,1,0
BRDA:1,2,0,0
BRDA:1,2,1,0
BRDA:1,3,0,0
BRDA:1,3,1,0
BRDA:1,4,0,0
BRDA:1,4,1,0
BRDA:1,5,0,0
BRDA:1,5,1,0
BRDA:7,6,0,0
BRDA:7,6,1,0
BRDA:7,7,0,0
BRDA:7,7,1,0
BRDA:7,8,0,0
BRDA:7,8,1,0
BRDA:7,9,0,0
BRDA:7,9,1,0
BRDA:7,10,0,0
BRDA:7,10,1,0
BRDA:7,11,0,0
BRDA:7,11,1,0
BRDA:7,12,0,0
BRDA:7,12,1,0
BRDA:7,13,0,0
BRDA:7,13,1,0
BRDA:7,14,0,0
BRDA:7,14,1,0
BRDA:7,15,0,0
BRDA:7,15,1,0
BRDA:7,15,2,0
BRDA:7,16,0,0
BRDA:7,16,1,0
BRDA:7,17,0,0
BRDA:7,17,1,0
BRDA:7,18,0,0
BRDA:7,18,1,0
BRDA:7,19,0,0
BRDA:7,19,1,0
BRDA:7,20,0,0
BRDA:7,20,1,0
BRDA:14,21,0,0
BRDA:14,21,1,0
BRDA:15,22,0,0
BRDA:15,22,1,0
BRDA:28,23,0,0
BRDA:28,23,1,0
BRF:49
BRH:0
end_of_record
TN:
SF:/Users/nicolasjustiniano/Workspace/Grillo-App/src/containers/Home.js
FN:1,(anonymous_0)
FN:1,defineProperties
FN:1,(anonymous_2)
FN:1,(anonymous_3)
FN:10,_interopRequireWildcard
FN:10,_interopRequireDefault
FN:10,_classCallCheck
FN:10,_possibleConstructorReturn
FN:10,_inherits
FN:70,(anonymous_9)
FN:70,(anonymous_10)
FN:70,(anonymous_11)
FN:75,Home
FN:82,(anonymous_13)
FN:86,(anonymous_14)
FN:90,(anonymous_15)
FN:102,(anonymous_16)
FN:106,(anonymous_17)
FN:106,render
FNF:19
FNH:0
FNDA:0,(anonymous_0)
FNDA:0,defineProperties
FNDA:0,(anonymous_2)
FNDA:0,(anonymous_3)
FNDA:0,_interopRequireWildcard
FNDA:0,_interopRequireDefault
FNDA:0,_classCallCheck
FNDA:0,_possibleConstructorReturn
FNDA:0,_inherits
FNDA:0,(anonymous_9)
FNDA:0,(anonymous_10)
FNDA:0,(anonymous_11)
FNDA:0,Home
FNDA:0,(anonymous_13)
FNDA:0,(anonymous_14)
FNDA:0,(anonymous_15)
FNDA:0,(anonymous_16)
FNDA:0,(anonymous_17)
FNDA:0,render
DA:1,0
DA:2,0
DA:3,0
DA:4,0
DA:5,0
DA:6,0
DA:7,0
DA:8,0
DA:9,0
DA:10,0
DA:12,0
DA:14,0
DA:70,0
DA:75,0
DA:76,0
DA:83,0
DA:84,0
DA:87,0
DA:88,0
DA:91,0
DA:92,0
DA:93,0
DA:99,0
DA:102,0
DA:106,0
DA:109,0
DA:110,0
DA:127,0
LF:28
LH:0
BRDA:1,0,0,0
BRDA:1,0,1,0
BRDA:1,1,0,0
BRDA:1,1,1,0
BRDA:1,2,0,0
BRDA:1,2,1,0
BRDA:1,3,0,0
BRDA:1,3,1,0
BRDA:1,4,0,0
BRDA:1,4,1,0
BRDA:1,5,0,0
BRDA:1,5,1,0
BRDA:10,6,0,0
BRDA:10,6,1,0
BRDA:10,7,0,0
BRDA:10,7,1,0
BRDA:10,8,0,0
BRDA:10,8,1,0
BRDA:10,9,0,0
BRDA:10,9,1,0
BRDA:10,10,0,0
BRDA:10,10,1,0
BRDA:10,11,0,0
BRDA:10,11,1,0
BRDA:10,12,0,0
BRDA:10,12,1,0
BRDA:10,13,0,0
BRDA:10,13,1,0
BRDA:10,14,0,0
BRDA:10,14,1,0
BRDA:10,15,0,0
BRDA:10,15,1,0
BRDA:10,15,2,0
BRDA:10,16,0,0
BRDA:10,16,1,0
BRDA:10,17,0,0
BRDA:10,17,1,0
BRDA:10,18,0,0
BRDA:10,18,1,0
BRDA:10,19,0,0
BRDA:10,19,1,0
BRDA:10,20,0,0
BRDA:10,20,1,0
BRDA:70,21,0,0
BRDA:70,21,1,0
BRDA:75,22,0,0
BRDA:75,22,1,0
BRDA:92,23,0,0
BRDA:92,23,1,0
BRF:49
BRH:0
end_of_record
TN:
SF:/Users/nicolasjustiniano/Workspace/Grillo-App/src/containers/NotificationCenter.js
FN:17,(anonymous_0)
FN:24,(anonymous_1)
FN:10,(anonymous_2)
FN:13,(anonymous_3)
FNF:4
FNH:4
FNDA:1,(anonymous_0)
FNDA:1,(anonymous_1)
FNDA:1,(anonymous_2)
FNDA:1,(anonymous_3)
DA:10,1
DA:13,1
DA:18,1
DA:19,1
DA:25,1
DA:26,1
DA:29,1
LF:7
LH:7
BRF:0
BRH:0
end_of_record
TN:
SF:/Users/nicolasjustiniano/Workspace/Grillo-App/src/helpers/arrayMethods.js
FN:6,insertItem
FN:12,updateObjectInArray
FN:13,(anonymous_2)
FNF:3
FNH:1
FNDA:3,insertItem
FNDA:0,updateObjectInArray
FNDA:0,(anonymous_2)
DA:7,3
DA:8,3
DA:9,3
DA:13,0
DA:14,0
DA:16,0
DA:20,0
LF:7
LH:3
BRDA:14,0,0,0
BRDA:14,0,1,0
BRF:2
BRH:0
end_of_record
TN:
SF:/Users/nicolasjustiniano/Workspace/Grillo-App/src/helpers/fontMaker.js
FN:1,(anonymous_0)
FN:22,fontMaker
FNF:2
FNH:0
FNDA:0,(anonymous_0)
FNDA:0,fontMaker
DA:1,0
DA:6,0
DA:22,0
DA:23,0
DA:27,0
DA:29,0
DA:31,0
DA:32,0
DA:33,0
DA:35,0
DA:37,0
DA:41,0
DA:42,0
DA:44,0
LF:14
LH:0
BRDA:1,0,0,0
BRDA:1,0,1,0
BRDA:1,1,0,0
BRDA:1,1,1,0
BRDA:22,2,0,0
BRDA:22,2,1,0
BRDA:22,3,0,0
BRDA:22,3,1,0
BRDA:31,4,0,0
BRDA:31,4,1,0
BRDA:32,5,0,0
BRDA:32,5,1,0
BRDA:33,6,0,0
BRDA:33,6,1,0
BRDA:38,7,0,0
BRDA:38,7,1,0
BRDA:41,8,0,0
BRDA:41,8,1,0
BRDA:42,9,0,0
BRDA:42,9,1,0
BRF:20
BRH:0
end_of_record
TN:
SF:/Users/nicolasjustiniano/Workspace/Grillo-App/src/reducers/habits.js
FN:4,_interopRequireDefault
FN:12,(anonymous_1)
FNF:2
FNH:0
FNDA:0,_interopRequireDefault
FNDA:0,(anonymous_1)
DA:1,0
DA:2,0
DA:3,0
DA:4,0
DA:6,0
DA:7,0
DA:12,0
DA:13,0
DA:14,0
DA:16,0
DA:18,0
DA:19,0
DA:22,0
DA:23,0
DA:26,0
LF:15
LH:0
BRDA:4,0,0,0
BRDA:4,0,1,0
BRDA:4,1,0,0
BRDA:4,1,1,0
BRDA:12,2,0,0
BRDA:12,2,1,0
BRDA:12,3,0,0
BRDA:12,3,1,0
BRDA:14,4,0,0
BRDA:14,4,1,0
BRDA:14,4,2,0
BRDA:14,4,3,0
BRF:12
BRH:0
end_of_record
TN:
SF:/Users/nicolasjustiniano/Workspace/Grillo-App/src/reducers/index.js
FN:4,_interopRequireDefault
FNF:1
FNH:0
FNDA:0,_interopRequireDefault
DA:1,0
DA:2,0
DA:3,0
DA:4,0
LF:4
LH:0
BRDA:4,0,0,0
BRDA:4,0,1,0
BRDA:4,1,0,0
BRDA:4,1,1,0
BRF:4
BRH:0
end_of_record
TN:
SF:/Users/nicolasjustiniano/Workspace/Grillo-App/src/reducers/nav.js
FN:1,_interopRequireDefault
FN:8,(anonymous_1)
FNF:2
FNH:0
FNDA:0,_interopRequireDefault
FNDA:0,(anonymous_1)
DA:1,0
DA:3,0
DA:5,0
DA:8,0
LF:4
LH:0
BRDA:1,0,0,0
BRDA:1,0,1,0
BRDA:1,1,0,0
BRDA:1,1,1,0
BRDA:8,2,0,0
BRDA:8,2,1,0
BRDA:8,3,0,0
BRDA:8,3,1,0
BRF:8
BRH:0
end_of_record
TN:
SF:/Users/nicolasjustiniano/Workspace/Grillo-App/src/reducers/notifications.js
FN:11,(anonymous_0)
FNF:1
FNH:1
FNDA:4,(anonymous_0)
DA:5,1
DA:12,4
DA:13,4
DA:15,3
DA:16,3
DA:18,1
LF:6
LH:6
BRDA:11,0,0,0
BRDA:13,1,0,3
BRDA:13,1,1,1
BRF:3
BRH:2
end_of_record
TN:
SF:/Users/nicolasjustiniano/Workspace/Grillo-App/src/styles/common.js
FNF:0
FNH:0
DA:1,0
DA:2,0
DA:5,0
DA:6,0
DA:7,0
DA:8,0
DA:9,0
DA:10,0
LF:8
LH:0
BRF:0
BRH:0
end_of_record
