TN:
SF:/Users/nicolasjustiniano/Workspace/thoughtworks/Grillo-App/src/configureStore.js
FN:1,(anonymous_0)
FN:31,_interopRequireWildcard
FN:31,_interopRequireDefault
FN:31,configureStore
FN:38,(anonymous_4)
FN:43,(anonymous_5)
FNF:6
FNH:0
FNDA:0,(anonymous_0)
FNDA:0,_interopRequireWildcard
FNDA:0,_interopRequireDefault
FNDA:0,configureStore
FNDA:0,(anonymous_4)
FNDA:0,(anonymous_5)
DA:1,0
DA:31,0
DA:33,0
DA:35,0
DA:39,0
DA:42,0
DA:43,0
DA:44,0
DA:48,0
LF:9
LH:0
BRDA:1,0,0,0
BRDA:1,0,1,0
BRDA:1,1,0,0
BRDA:1,1,1,0
BRDA:31,2,0,0
BRDA:31,2,1,0
BRDA:31,3,0,0
BRDA:31,3,1,0
BRDA:31,4,0,0
BRDA:31,4,1,0
BRDA:31,5,0,0
BRDA:31,5,1,0
BRDA:31,6,0,0
BRDA:31,6,1,0
BRDA:31,7,0,0
BRDA:31,7,1,0
BRDA:31,8,0,0
BRDA:31,8,1,0
BRDA:31,9,0,0
BRDA:31,9,1,0
BRDA:42,10,0,0
BRDA:42,10,1,0
BRF:22
BRH:0
end_of_record
TN:
SF:/Users/nicolasjustiniano/Workspace/thoughtworks/Grillo-App/src/index.js
FN:4,_interopRequireDefault
FN:8,(anonymous_1)
FNF:2
FNH:0
FNDA:0,_interopRequireDefault
FNDA:0,(anonymous_1)
DA:1,0
DA:2,0
DA:3,0
DA:4,0
DA:6,0
DA:8,0
LF:6
LH:0
BRDA:4,0,0,0
BRDA:4,0,1,0
BRDA:4,1,0,0
BRDA:4,1,1,0
BRF:4
BRH:0
end_of_record
TN:
SF:/Users/nicolasjustiniano/Workspace/thoughtworks/Grillo-App/src/navigator.js
FN:5,_interopRequireDefault
FNF:1
FNH:0
FNDA:0,_interopRequireDefault
DA:1,0
DA:2,0
DA:3,0
DA:4,0
DA:5,0
DA:7,0
DA:15,0
LF:7
LH:0
BRDA:5,0,0,0
BRDA:5,0,1,0
BRDA:5,1,0,0
BRDA:5,1,1,0
BRF:4
BRH:0
end_of_record
TN:
SF:/Users/nicolasjustiniano/Workspace/thoughtworks/Grillo-App/src/actions/habits.js
FN:4,addHabit
FN:13,stopHabit
FN:24,cleanHabits
FNF:3
FNH:1
FNDA:4,addHabit
FNDA:0,stopHabit
FNDA:0,cleanHabits
DA:5,4
DA:7,4
DA:14,0
DA:15,0
DA:16,0
DA:18,0
DA:26,0
LF:7
LH:2
BRF:0
BRH:0
end_of_record
TN:
SF:/Users/nicolasjustiniano/Workspace/thoughtworks/Grillo-App/src/actions/notifications.js
FN:1,addNotification
FNF:1
FNH:1
FNDA:3,addNotification
DA:2,3
DA:3,3
LF:2
LH:2
BRF:0
BRH:0
end_of_record
TN:
SF:/Users/nicolasjustiniano/Workspace/thoughtworks/Grillo-App/src/components/Counter.js
FN:1,(anonymous_0)
FN:1,defineProperties
FN:1,(anonymous_2)
FN:6,_interopRequireDefault
FN:6,_classCallCheck
FN:6,_possibleConstructorReturn
FN:6,_inherits
FN:8,(anonymous_7)
FN:13,Counter
FN:28,(anonymous_9)
FN:42,(anonymous_10)
FN:51,componentDidMount
FN:51,(anonymous_12)
FN:51,componentWillUnmount
FN:51,render
FNF:15
FNH:0
FNDA:0,(anonymous_0)
FNDA:0,defineProperties
FNDA:0,(anonymous_2)
FNDA:0,_interopRequireDefault
FNDA:0,_classCallCheck
FNDA:0,_possibleConstructorReturn
FNDA:0,_inherits
FNDA:0,(anonymous_7)
FNDA:0,Counter
FNDA:0,(anonymous_9)
FNDA:0,(anonymous_10)
FNDA:0,componentDidMount
FNDA:0,(anonymous_12)
FNDA:0,componentWillUnmount
FNDA:0,render
DA:1,0
DA:2,0
DA:3,0
DA:4,0
DA:5,0
DA:6,0
DA:8,0
DA:13,0
DA:14,0
DA:29,0
DA:30,0
DA:31,0
DA:32,0
DA:33,0
DA:35,0
DA:36,0
DA:37,0
DA:38,0
DA:40,0
DA:43,0
DA:45,0
DA:47,0
DA:49,0
DA:51,0
DA:54,0
DA:55,0
DA:58,0
LF:27
LH:0
BRDA:1,0,0,0
BRDA:1,0,1,0
BRDA:1,1,0,0
BRDA:1,1,1,0
BRDA:1,2,0,0
BRDA:1,2,1,0
BRDA:1,3,0,0
BRDA:1,3,1,0
BRDA:6,4,0,0
BRDA:6,4,1,0
BRDA:6,5,0,0
BRDA:6,5,1,0
BRDA:6,6,0,0
BRDA:6,6,1,0
BRDA:6,7,0,0
BRDA:6,7,1,0
BRDA:6,8,0,0
BRDA:6,8,1,0
BRDA:6,9,0,0
BRDA:6,9,1,0
BRDA:6,9,2,0
BRDA:6,10,0,0
BRDA:6,10,1,0
BRDA:6,11,0,0
BRDA:6,11,1,0
BRDA:6,12,0,0
BRDA:6,12,1,0
BRDA:6,13,0,0
BRDA:6,13,1,0
BRDA:6,14,0,0
BRDA:6,14,1,0
BRDA:13,15,0,0
BRDA:13,15,1,0
BRDA:29,16,0,0
BRDA:29,16,1,0
BRDA:33,17,0,0
BRDA:33,17,1,0
BRDA:38,18,0,0
BRDA:38,18,1,0
BRDA:43,19,0,0
BRDA:43,19,1,0
BRDA:43,19,2,0
BRF:42
BRH:0
end_of_record
TN:
SF:/Users/nicolasjustiniano/Workspace/thoughtworks/Grillo-App/src/components/HabitItem.js
FN:1,(anonymous_0)
FN:1,defineProperties
FN:1,(anonymous_2)
FN:6,_interopRequireDefault
FN:6,_classCallCheck
FN:6,_possibleConstructorReturn
FN:6,_inherits
FN:16,(anonymous_7)
FN:22,HabitItem
FN:33,(anonymous_9)
FN:37,(anonymous_10)
FN:43,onPress
FN:45,(anonymous_12)
FN:45,render
FNF:14
FNH:0
FNDA:0,(anonymous_0)
FNDA:0,defineProperties
FNDA:0,(anonymous_2)
FNDA:0,_interopRequireDefault
FNDA:0,_classCallCheck
FNDA:0,_possibleConstructorReturn
FNDA:0,_inherits
FNDA:0,(anonymous_7)
FNDA:0,HabitItem
FNDA:0,(anonymous_9)
FNDA:0,(anonymous_10)
FNDA:0,onPress
FNDA:0,(anonymous_12)
FNDA:0,render
DA:1,0
DA:2,0
DA:3,0
DA:4,0
DA:5,0
DA:6,0
DA:8,0
DA:16,0
DA:22,0
DA:23,0
DA:34,0
DA:35,0
DA:38,0
DA:43,0
DA:45,0
DA:48,0
DA:49,0
DA:56,0
LF:18
LH:0
BRDA:1,0,0,0
BRDA:1,0,1,0
BRDA:1,1,0,0
BRDA:1,1,1,0
BRDA:1,2,0,0
BRDA:1,2,1,0
BRDA:1,3,0,0
BRDA:1,3,1,0
BRDA:6,4,0,0
BRDA:6,4,1,0
BRDA:6,5,0,0
BRDA:6,5,1,0
BRDA:6,6,0,0
BRDA:6,6,1,0
BRDA:6,7,0,0
BRDA:6,7,1,0
BRDA:6,8,0,0
BRDA:6,8,1,0
BRDA:6,9,0,0
BRDA:6,9,1,0
BRDA:6,9,2,0
BRDA:6,10,0,0
BRDA:6,10,1,0
BRDA:6,11,0,0
BRDA:6,11,1,0
BRDA:6,12,0,0
BRDA:6,12,1,0
BRDA:6,13,0,0
BRDA:6,13,1,0
BRDA:6,14,0,0
BRDA:6,14,1,0
BRDA:22,15,0,0
BRDA:22,15,1,0
BRF:33
BRH:0
end_of_record
TN:
SF:/Users/nicolasjustiniano/Workspace/thoughtworks/Grillo-App/src/constants/habit.js
FN:10,(anonymous_0)
FN:19,guid
FN:20,s4
FNF:3
FNH:3
FNDA:4,(anonymous_0)
FNDA:4,guid
FNDA:32,s4
DA:3,2
DA:11,4
DA:12,4
DA:13,4
DA:14,4
DA:15,4
DA:21,32
DA:25,4
LF:8
LH:8
BRF:0
BRH:0
end_of_record
TN:
SF:/Users/nicolasjustiniano/Workspace/thoughtworks/Grillo-App/src/containers/AddHabit.js
FN:57,(anonymous_0)
FN:65,(anonymous_1)
FN:68,(anonymous_2)
FN:83,(anonymous_3)
FN:87,(anonymous_4)
FN:91,(anonymous_5)
FN:95,(anonymous_6)
FN:105,(anonymous_7)
FN:52,(anonymous_8)
FNF:9
FNH:7
FNDA:3,(anonymous_0)
FNDA:1,(anonymous_1)
FNDA:3,(anonymous_2)
FNDA:3,(anonymous_3)
FNDA:3,(anonymous_4)
FNDA:0,(anonymous_5)
FNDA:8,(anonymous_6)
FNDA:0,(anonymous_7)
FNDA:3,(anonymous_8)
DA:11,1
DA:52,3
DA:58,3
DA:59,3
DA:60,3
DA:65,3
DA:69,3
DA:70,2
DA:73,1
DA:74,1
DA:84,3
DA:88,3
DA:92,0
DA:96,8
DA:97,8
DA:105,0
LF:16
LH:14
BRDA:69,0,0,2
BRDA:69,0,1,1
BRDA:104,1,0,6
BRDA:104,1,1,2
BRDA:108,2,0,8
BRDA:108,2,1,2
BRF:6
BRH:6
end_of_record
TN:
SF:/Users/nicolasjustiniano/Workspace/thoughtworks/Grillo-App/src/containers/App.js
FN:1,(anonymous_0)
FN:1,defineProperties
FN:1,(anonymous_2)
FN:6,_interopRequireDefault
FN:6,_classCallCheck
FN:6,_possibleConstructorReturn
FN:6,_inherits
FN:13,(anonymous_7)
FN:13,(anonymous_8)
FN:13,(anonymous_9)
FN:13,AppWithNavigationState
FN:13,componentDidMount
FN:20,(anonymous_12)
FN:24,componentWillUnmount
FN:28,render
FNF:15
FNH:0
FNDA:0,(anonymous_0)
FNDA:0,defineProperties
FNDA:0,(anonymous_2)
FNDA:0,_interopRequireDefault
FNDA:0,_classCallCheck
FNDA:0,_possibleConstructorReturn
FNDA:0,_inherits
FNDA:0,(anonymous_7)
FNDA:0,(anonymous_8)
FNDA:0,(anonymous_9)
FNDA:0,AppWithNavigationState
FNDA:0,componentDidMount
FNDA:0,(anonymous_12)
FNDA:0,componentWillUnmount
FNDA:0,render
DA:1,0
DA:2,0
DA:3,0
DA:4,0
DA:5,0
DA:6,0
DA:13,0
DA:19,0
DA:20,0
DA:21,0
DA:22,0
DA:27,0
DA:31,0
DA:32,0
DA:33,0
LF:15
LH:0
BRDA:1,0,0,0
BRDA:1,0,1,0
BRDA:1,1,0,0
BRDA:1,1,1,0
BRDA:1,2,0,0
BRDA:1,2,1,0
BRDA:1,3,0,0
BRDA:1,3,1,0
BRDA:6,4,0,0
BRDA:6,4,1,0
BRDA:6,5,0,0
BRDA:6,5,1,0
BRDA:6,6,0,0
BRDA:6,6,1,0
BRDA:6,7,0,0
BRDA:6,7,1,0
BRDA:6,8,0,0
BRDA:6,8,1,0
BRDA:6,9,0,0
BRDA:6,9,1,0
BRDA:6,9,2,0
BRDA:6,10,0,0
BRDA:6,10,1,0
BRDA:6,11,0,0
BRDA:6,11,1,0
BRDA:6,12,0,0
BRDA:6,12,1,0
BRDA:6,13,0,0
BRDA:6,13,1,0
BRDA:6,14,0,0
BRDA:6,14,1,0
BRDA:13,15,0,0
BRDA:13,15,1,0
BRDA:13,16,0,0
BRDA:13,16,1,0
BRF:35
BRH:0
end_of_record
TN:
SF:/Users/nicolasjustiniano/Workspace/thoughtworks/Grillo-App/src/containers/AppHeader.js
FN:1,(anonymous_0)
FN:1,(anonymous_1)
FN:1,defineProperties
FN:1,(anonymous_3)
FN:7,_interopRequireWildcard
FN:7,_interopRequireDefault
FN:7,_classCallCheck
FN:7,_possibleConstructorReturn
FN:7,_inherits
FN:14,(anonymous_9)
FN:14,(anonymous_10)
FN:15,AppHeader
FN:26,(anonymous_12)
FN:27,(anonymous_13)
FN:34,(anonymous_14)
FN:34,deleteButton
FN:42,render
FNF:17
FNH:0
FNDA:0,(anonymous_0)
FNDA:0,(anonymous_1)
FNDA:0,defineProperties
FNDA:0,(anonymous_3)
FNDA:0,_interopRequireWildcard
FNDA:0,_interopRequireDefault
FNDA:0,_classCallCheck
FNDA:0,_possibleConstructorReturn
FNDA:0,_inherits
FNDA:0,(anonymous_9)
FNDA:0,(anonymous_10)
FNDA:0,AppHeader
FNDA:0,(anonymous_12)
FNDA:0,(anonymous_13)
FNDA:0,(anonymous_14)
FNDA:0,deleteButton
FNDA:0,render
DA:1,0
DA:2,0
DA:3,0
DA:4,0
DA:5,0
DA:6,0
DA:7,0
DA:14,0
DA:15,0
DA:16,0
DA:27,0
DA:28,0
DA:29,0
DA:33,0
DA:34,0
DA:37,0
DA:45,0
DA:53,0
LF:18
LH:0
BRDA:1,0,0,0
BRDA:1,0,1,0
BRDA:1,1,0,0
BRDA:1,1,1,0
BRDA:1,2,0,0
BRDA:1,2,1,0
BRDA:1,3,0,0
BRDA:1,3,1,0
BRDA:1,4,0,0
BRDA:1,4,1,0
BRDA:1,5,0,0
BRDA:1,5,1,0
BRDA:7,6,0,0
BRDA:7,6,1,0
BRDA:7,7,0,0
BRDA:7,7,1,0
BRDA:7,8,0,0
BRDA:7,8,1,0
BRDA:7,9,0,0
BRDA:7,9,1,0
BRDA:7,10,0,0
BRDA:7,10,1,0
BRDA:7,11,0,0
BRDA:7,11,1,0
BRDA:7,12,0,0
BRDA:7,12,1,0
BRDA:7,13,0,0
BRDA:7,13,1,0
BRDA:7,14,0,0
BRDA:7,14,1,0
BRDA:7,15,0,0
BRDA:7,15,1,0
BRDA:7,15,2,0
BRDA:7,16,0,0
BRDA:7,16,1,0
BRDA:7,17,0,0
BRDA:7,17,1,0
BRDA:7,18,0,0
BRDA:7,18,1,0
BRDA:7,19,0,0
BRDA:7,19,1,0
BRDA:7,20,0,0
BRDA:7,20,1,0
BRDA:14,21,0,0
BRDA:14,21,1,0
BRDA:15,22,0,0
BRDA:15,22,1,0
BRDA:28,23,0,0
BRDA:28,23,1,0
BRF:49
BRH:0
end_of_record
TN:
SF:/Users/nicolasjustiniano/Workspace/thoughtworks/Grillo-App/src/containers/Home.js
FN:1,(anonymous_0)
FN:1,defineProperties
FN:1,(anonymous_2)
FN:1,(anonymous_3)
FN:13,_interopRequireWildcard
FN:13,_interopRequireDefault
FN:13,_classCallCheck
FN:13,_possibleConstructorReturn
FN:13,_inherits
FN:73,(anonymous_9)
FN:73,(anonymous_10)
FN:73,(anonymous_11)
FN:78,Home
FN:86,(anonymous_13)
FN:90,(anonymous_14)
FN:94,(anonymous_15)
FN:98,(anonymous_16)
FN:110,(anonymous_17)
FN:114,(anonymous_18)
FN:114,(anonymous_19)
FN:114,render
FN:122,onPress
FN:131,onPress
FNF:23
FNH:0
FNDA:0,(anonymous_0)
FNDA:0,defineProperties
FNDA:0,(anonymous_2)
FNDA:0,(anonymous_3)
FNDA:0,_interopRequireWildcard
FNDA:0,_interopRequireDefault
FNDA:0,_classCallCheck
FNDA:0,_possibleConstructorReturn
FNDA:0,_inherits
FNDA:0,(anonymous_9)
FNDA:0,(anonymous_10)
FNDA:0,(anonymous_11)
FNDA:0,Home
FNDA:0,(anonymous_13)
FNDA:0,(anonymous_14)
FNDA:0,(anonymous_15)
FNDA:0,(anonymous_16)
FNDA:0,(anonymous_17)
FNDA:0,(anonymous_18)
FNDA:0,(anonymous_19)
FNDA:0,render
FNDA:0,onPress
FNDA:0,onPress
DA:1,0
DA:2,0
DA:3,0
DA:4,0
DA:5,0
DA:6,0
DA:7,0
DA:8,0
DA:9,0
DA:10,0
DA:11,0
DA:12,0
DA:13,0
DA:16,0
DA:18,0
DA:73,0
DA:78,0
DA:79,0
DA:87,0
DA:88,0
DA:91,0
DA:92,0
DA:95,0
DA:96,0
DA:99,0
DA:100,0
DA:101,0
DA:107,0
DA:110,0
DA:114,0
DA:115,0
DA:116,0
DA:122,0
DA:131,0
DA:140,0
LF:35
LH:0
BRDA:1,0,0,0
BRDA:1,0,1,0
BRDA:1,1,0,0
BRDA:1,1,1,0
BRDA:1,2,0,0
BRDA:1,2,1,0
BRDA:1,3,0,0
BRDA:1,3,1,0
BRDA:1,4,0,0
BRDA:1,4,1,0
BRDA:1,5,0,0
BRDA:1,5,1,0
BRDA:13,6,0,0
BRDA:13,6,1,0
BRDA:13,7,0,0
BRDA:13,7,1,0
BRDA:13,8,0,0
BRDA:13,8,1,0
BRDA:13,9,0,0
BRDA:13,9,1,0
BRDA:13,10,0,0
BRDA:13,10,1,0
BRDA:13,11,0,0
BRDA:13,11,1,0
BRDA:13,12,0,0
BRDA:13,12,1,0
BRDA:13,13,0,0
BRDA:13,13,1,0
BRDA:13,14,0,0
BRDA:13,14,1,0
BRDA:13,15,0,0
BRDA:13,15,1,0
BRDA:13,15,2,0
BRDA:13,16,0,0
BRDA:13,16,1,0
BRDA:13,17,0,0
BRDA:13,17,1,0
BRDA:13,18,0,0
BRDA:13,18,1,0
BRDA:13,19,0,0
BRDA:13,19,1,0
BRDA:13,20,0,0
BRDA:13,20,1,0
BRDA:73,21,0,0
BRDA:73,21,1,0
BRDA:78,22,0,0
BRDA:78,22,1,0
BRDA:100,23,0,0
BRDA:100,23,1,0
BRF:49
BRH:0
end_of_record
TN:
SF:/Users/nicolasjustiniano/Workspace/thoughtworks/Grillo-App/src/containers/NotificationCenter.js
FN:15,(anonymous_0)
FN:22,(anonymous_1)
FN:28,(anonymous_2)
FN:33,(anonymous_3)
FN:10,(anonymous_4)
FN:11,(anonymous_5)
FNF:6
FNH:2
FNDA:0,(anonymous_0)
FNDA:0,(anonymous_1)
FNDA:0,(anonymous_2)
FNDA:0,(anonymous_3)
FNDA:1,(anonymous_4)
FNDA:1,(anonymous_5)
DA:10,1
DA:11,1
DA:16,0
DA:17,0
DA:23,0
DA:24,0
DA:25,0
DA:29,0
DA:30,0
DA:34,0
DA:35,0
DA:37,0
LF:12
LH:2
BRDA:24,0,0,0
BRDA:24,0,1,0
BRF:2
BRH:0
end_of_record
TN:
SF:/Users/nicolasjustiniano/Workspace/thoughtworks/Grillo-App/src/helpers/arrayMethods.js
FN:6,insertItem
FN:12,updateObjectInArray
FN:13,(anonymous_2)
FNF:3
FNH:0
FNDA:0,insertItem
FNDA:0,updateObjectInArray
FNDA:0,(anonymous_2)
DA:7,0
DA:8,0
DA:9,0
DA:13,0
DA:14,0
DA:16,0
DA:20,0
LF:7
LH:0
BRDA:14,0,0,0
BRDA:14,0,1,0
BRF:2
BRH:0
end_of_record
TN:
SF:/Users/nicolasjustiniano/Workspace/thoughtworks/Grillo-App/src/helpers/fontMaker.js
FN:22,(anonymous_0)
FNF:1
FNH:1
FNDA:2,(anonymous_0)
DA:6,1
DA:22,1
DA:23,2
DA:29,2
DA:31,2
DA:32,0
DA:33,0
DA:35,0
DA:37,0
DA:41,2
DA:42,2
DA:44,2
LF:12
LH:8
BRDA:22,0,0,0
BRDA:31,1,0,0
BRDA:31,1,1,2
BRDA:32,2,0,0
BRDA:32,2,1,0
BRDA:33,3,0,0
BRDA:33,3,1,0
BRDA:38,4,0,0
BRDA:38,4,1,0
BRDA:41,5,0,2
BRDA:41,5,1,0
BRDA:42,6,0,2
BRDA:42,6,1,2
BRF:13
BRH:4
end_of_record
TN:
SF:/Users/nicolasjustiniano/Workspace/thoughtworks/Grillo-App/src/reducers/habits.js
FN:4,_interopRequireDefault
FN:12,(anonymous_1)
FNF:2
FNH:0
FNDA:0,_interopRequireDefault
FNDA:0,(anonymous_1)
DA:1,0
DA:2,0
DA:3,0
DA:4,0
DA:6,0
DA:7,0
DA:12,0
DA:13,0
DA:14,0
DA:16,0
DA:18,0
DA:19,0
DA:22,0
DA:23,0
DA:26,0
LF:15
LH:0
BRDA:4,0,0,0
BRDA:4,0,1,0
BRDA:4,1,0,0
BRDA:4,1,1,0
BRDA:12,2,0,0
BRDA:12,2,1,0
BRDA:12,3,0,0
BRDA:12,3,1,0
BRDA:14,4,0,0
BRDA:14,4,1,0
BRDA:14,4,2,0
BRDA:14,4,3,0
BRF:12
BRH:0
end_of_record
TN:
SF:/Users/nicolasjustiniano/Workspace/thoughtworks/Grillo-App/src/reducers/index.js
FN:4,_interopRequireDefault
FNF:1
FNH:0
FNDA:0,_interopRequireDefault
DA:1,0
DA:2,0
DA:3,0
DA:4,0
LF:4
LH:0
BRDA:4,0,0,0
BRDA:4,0,1,0
BRDA:4,1,0,0
BRDA:4,1,1,0
BRF:4
BRH:0
end_of_record
TN:
SF:/Users/nicolasjustiniano/Workspace/thoughtworks/Grillo-App/src/reducers/nav.js
FN:1,_interopRequireDefault
FN:8,(anonymous_1)
FNF:2
FNH:0
FNDA:0,_interopRequireDefault
FNDA:0,(anonymous_1)
DA:1,0
DA:3,0
DA:5,0
DA:8,0
LF:4
LH:0
BRDA:1,0,0,0
BRDA:1,0,1,0
BRDA:1,1,0,0
BRDA:1,1,1,0
BRDA:8,2,0,0
BRDA:8,2,1,0
BRDA:8,3,0,0
BRDA:8,3,1,0
BRF:8
BRH:0
end_of_record
TN:
SF:/Users/nicolasjustiniano/Workspace/thoughtworks/Grillo-App/src/reducers/notifications.js
FN:11,(anonymous_0)
FNF:1
FNH:1
FNDA:3,(anonymous_0)
DA:5,1
DA:12,3
DA:13,0
DA:15,0
DA:16,0
DA:18,0
LF:6
LH:2
BRDA:11,0,0,0
BRDA:13,1,0,0
BRDA:13,1,1,0
BRF:3
BRH:0
end_of_record
TN:
SF:/Users/nicolasjustiniano/Workspace/thoughtworks/Grillo-App/src/styles/common.js
FNF:0
FNH:0
DA:5,1
DA:6,1
DA:7,1
DA:8,1
DA:9,1
DA:10,1
LF:6
LH:6
BRF:0
BRH:0
end_of_record
